103.02.25 13:40 A D:\Akram\Supervisor\New-TSDL\TSDL\noakes\american.dat --> www-personal.buseco.monash.edu.au /home/personal/hyndman/WWW/TSDL/noakes american.dat
103.02.25 13:40 A D:\Akram\Supervisor\New-TSDL\TSDL\noakes\boise.dat --> www-personal.buseco.monash.edu.au /home/personal/hyndman/WWW/TSDL/noakes boise.dat
103.02.25 13:40 A D:\Akram\Supervisor\New-TSDL\TSDL\noakes\clearwat.dat --> www-personal.buseco.monash.edu.au /home/personal/hyndman/WWW/TSDL/noakes clearwat.dat
103.02.25 13:40 A D:\Akram\Supervisor\New-TSDL\TSDL\noakes\colum.dat --> www-personal.buseco.monash.edu.au /home/personal/hyndman/WWW/TSDL/noakes colum.dat
103.02.25 13:40 A D:\Akram\Supervisor\New-TSDL\TSDL\noakes\current.dat --> www-personal.buseco.monash.edu.au /home/personal/hyndman/WWW/TSDL/noakes current.dat
103.02.25 13:40 A D:\Akram\Supervisor\New-TSDL\TSDL\noakes\english.dat --> www-personal.buseco.monash.edu.au /home/personal/hyndman/WWW/TSDL/noakes english.dat
103.02.25 13:40 A D:\Akram\Supervisor\New-TSDL\TSDL\noakes\feather.dat --> www-personal.buseco.monash.edu.au /home/personal/hyndman/WWW/TSDL/noakes feather.dat
103.02.25 13:40 A D:\Akram\Supervisor\New-TSDL\TSDL\noakes\james.dat --> www-personal.buseco.monash.edu.au /home/personal/hyndman/WWW/TSDL/noakes james.dat
103.02.25 13:40 A D:\Akram\Supervisor\New-TSDL\TSDL\noakes\judith.dat --> www-personal.buseco.monash.edu.au /home/personal/hyndman/WWW/TSDL/noakes judith.dat
103.02.25 13:40 A D:\Akram\Supervisor\New-TSDL\TSDL\noakes\mad.dat --> www-personal.buseco.monash.edu.au /home/personal/hyndman/WWW/TSDL/noakes mad.dat
103.02.25 13:40 A D:\Akram\Supervisor\New-TSDL\TSDL\noakes\madison.dat --> www-personal.buseco.monash.edu.au /home/personal/hyndman/WWW/TSDL/noakes madison.dat
103.02.25 13:40 A D:\Akram\Supervisor\New-TSDL\TSDL\noakes\mboulder.dat --> www-personal.buseco.monash.edu.au /home/personal/hyndman/WWW/TSDL/noakes mboulder.dat
103.02.25 13:40 A D:\Akram\Supervisor\New-TSDL\TSDL\noakes\mckenzie.dat --> www-personal.buseco.monash.edu.au /home/personal/hyndman/WWW/TSDL/noakes mckenzie.dat
103.02.25 13:40 A D:\Akram\Supervisor\New-TSDL\TSDL\noakes\misinab.dat --> www-personal.buseco.monash.edu.au /home/personal/hyndman/WWW/TSDL/noakes misinab.dat
103.02.25 13:40 A D:\Akram\Supervisor\New-TSDL\TSDL\noakes\namakan.dat --> www-personal.buseco.monash.edu.au /home/personal/hyndman/WWW/TSDL/noakes namakan.dat
103.02.25 13:40 A D:\Akram\Supervisor\New-TSDL\TSDL\noakes\neches.dat --> www-personal.buseco.monash.edu.au /home/personal/hyndman/WWW/TSDL/noakes neches.dat
103.02.25 13:40 A D:\Akram\Supervisor\New-TSDL\TSDL\noakes\nmagnet.dat --> www-personal.buseco.monash.edu.au /home/personal/hyndman/WWW/TSDL/noakes nmagnet.dat
103.02.25 13:40 A D:\Akram\Supervisor\New-TSDL\TSDL\noakes\oostanau.dat --> www-personal.buseco.monash.edu.au /home/personal/hyndman/WWW/TSDL/noakes oostanau.dat
103.02.25 13:40 A D:\Akram\Supervisor\New-TSDL\TSDL\noakes\pigeon.dat --> www-personal.buseco.monash.edu.au /home/personal/hyndman/WWW/TSDL/noakes pigeon.dat
103.02.25 13:40 A D:\Akram\Supervisor\New-TSDL\TSDL\noakes\rappahan.dat --> www-personal.buseco.monash.edu.au /home/personal/hyndman/WWW/TSDL/noakes rappahan.dat
103.02.25 13:40 A D:\Akram\Supervisor\New-TSDL\TSDL\noakes\README --> www-personal.buseco.monash.edu.au /home/personal/hyndman/WWW/TSDL/noakes README
103.02.25 13:40 A D:\Akram\Supervisor\New-TSDL\TSDL\noakes\richelu.dat --> www-personal.buseco.monash.edu.au /home/personal/hyndman/WWW/TSDL/noakes richelu.dat
103.02.25 13:40 A D:\Akram\Supervisor\New-TSDL\TSDL\noakes\riogrand.dat --> www-personal.buseco.monash.edu.au /home/personal/hyndman/WWW/TSDL/noakes riogrand.dat
103.02.25 13:40 A D:\Akram\Supervisor\New-TSDL\TSDL\noakes\saugeen.dat --> www-personal.buseco.monash.edu.au /home/personal/hyndman/WWW/TSDL/noakes saugeen.dat
103.02.25 13:40 A D:\Akram\Supervisor\New-TSDL\TSDL\noakes\sfskykom.dat --> www-personal.buseco.monash.edu.au /home/personal/hyndman/WWW/TSDL/noakes sfskykom.dat
103.02.25 13:40 A D:\Akram\Supervisor\New-TSDL\TSDL\noakes\ssask.dat --> www-personal.buseco.monash.edu.au /home/personal/hyndman/WWW/TSDL/noakes ssask.dat
103.02.25 13:40 A D:\Akram\Supervisor\New-TSDL\TSDL\noakes\stjohns.dat --> www-personal.buseco.monash.edu.au /home/personal/hyndman/WWW/TSDL/noakes stjohns.dat
103.02.25 13:40 A D:\Akram\Supervisor\New-TSDL\TSDL\noakes\trinity.dat --> www-personal.buseco.monash.edu.au /home/personal/hyndman/WWW/TSDL/noakes trinity.dat
103.02.25 13:40 A D:\Akram\Supervisor\New-TSDL\TSDL\noakes\turtle.dat --> www-personal.buseco.monash.edu.au /home/personal/hyndman/WWW/TSDL/noakes turtle.dat
103.02.25 13:40 A D:\Akram\Supervisor\New-TSDL\TSDL\noakes\wbdelawa.dat --> www-personal.buseco.monash.edu.au /home/personal/hyndman/WWW/TSDL/noakes wbdelawa.dat
103.02.25 13:40 A D:\Akram\Supervisor\New-TSDL\TSDL\noakes\wolf.dat --> www-personal.buseco.monash.edu.au /home/personal/hyndman/WWW/TSDL/noakes wolf.dat
103.02.25 13:50 A D:\Akram\Supervisor\New-TSDL\TSDL\noakes\american.dat --> www-personal.buseco.monash.edu.au /home/personal/hyndman/WWW/TSDL/noakes american.dat
103.02.25 13:50 A D:\Akram\Supervisor\New-TSDL\TSDL\noakes\boise.dat --> www-personal.buseco.monash.edu.au /home/personal/hyndman/WWW/TSDL/noakes boise.dat
103.02.25 13:50 A D:\Akram\Supervisor\New-TSDL\TSDL\noakes\clearwat.dat --> www-personal.buseco.monash.edu.au /home/personal/hyndman/WWW/TSDL/noakes clearwat.dat
103.02.25 13:50 A D:\Akram\Supervisor\New-TSDL\TSDL\noakes\colum.dat --> www-personal.buseco.monash.edu.au /home/personal/hyndman/WWW/TSDL/noakes colum.dat
103.02.25 13:50 A D:\Akram\Supervisor\New-TSDL\TSDL\noakes\current.dat --> www-personal.buseco.monash.edu.au /home/personal/hyndman/WWW/TSDL/noakes current.dat
103.02.25 13:50 A D:\Akram\Supervisor\New-TSDL\TSDL\noakes\english.dat --> www-personal.buseco.monash.edu.au /home/personal/hyndman/WWW/TSDL/noakes english.dat
103.02.25 13:50 A D:\Akram\Supervisor\New-TSDL\TSDL\noakes\feather.dat --> www-personal.buseco.monash.edu.au /home/personal/hyndman/WWW/TSDL/noakes feather.dat
103.02.25 13:50 A D:\Akram\Supervisor\New-TSDL\TSDL\noakes\james.dat --> www-personal.buseco.monash.edu.au /home/personal/hyndman/WWW/TSDL/noakes james.dat
103.02.25 13:50 A D:\Akram\Supervisor\New-TSDL\TSDL\noakes\judith.dat --> www-personal.buseco.monash.edu.au /home/personal/hyndman/WWW/TSDL/noakes judith.dat
103.02.25 13:50 A D:\Akram\Supervisor\New-TSDL\TSDL\noakes\mad.dat --> www-personal.buseco.monash.edu.au /home/personal/hyndman/WWW/TSDL/noakes mad.dat
103.02.25 13:50 A D:\Akram\Supervisor\New-TSDL\TSDL\noakes\madison.dat --> www-personal.buseco.monash.edu.au /home/personal/hyndman/WWW/TSDL/noakes madison.dat
103.02.25 13:50 A D:\Akram\Supervisor\New-TSDL\TSDL\noakes\mboulder.dat --> www-personal.buseco.monash.edu.au /home/personal/hyndman/WWW/TSDL/noakes mboulder.dat
103.02.25 13:50 A D:\Akram\Supervisor\New-TSDL\TSDL\noakes\mckenzie.dat --> www-personal.buseco.monash.edu.au /home/personal/hyndman/WWW/TSDL/noakes mckenzie.dat
103.02.25 13:50 A D:\Akram\Supervisor\New-TSDL\TSDL\noakes\misinab.dat --> www-personal.buseco.monash.edu.au /home/personal/hyndman/WWW/TSDL/noakes misinab.dat
103.02.25 13:50 A D:\Akram\Supervisor\New-TSDL\TSDL\noakes\namakan.dat --> www-personal.buseco.monash.edu.au /home/personal/hyndman/WWW/TSDL/noakes namakan.dat
103.02.25 13:50 A D:\Akram\Supervisor\New-TSDL\TSDL\noakes\neches.dat --> www-personal.buseco.monash.edu.au /home/personal/hyndman/WWW/TSDL/noakes neches.dat
103.02.25 13:50 A D:\Akram\Supervisor\New-TSDL\TSDL\noakes\nmagnet.dat --> www-personal.buseco.monash.edu.au /home/personal/hyndman/WWW/TSDL/noakes nmagnet.dat
103.02.25 13:50 A D:\Akram\Supervisor\New-TSDL\TSDL\noakes\oostanau.dat --> www-personal.buseco.monash.edu.au /home/personal/hyndman/WWW/TSDL/noakes oostanau.dat
103.02.25 13:50 A D:\Akram\Supervisor\New-TSDL\TSDL\noakes\pigeon.dat --> www-personal.buseco.monash.edu.au /home/personal/hyndman/WWW/TSDL/noakes pigeon.dat
103.02.25 13:50 A D:\Akram\Supervisor\New-TSDL\TSDL\noakes\rappahan.dat --> www-personal.buseco.monash.edu.au /home/personal/hyndman/WWW/TSDL/noakes rappahan.dat
103.02.25 13:50 A D:\Akram\Supervisor\New-TSDL\TSDL\noakes\README --> www-personal.buseco.monash.edu.au /home/personal/hyndman/WWW/TSDL/noakes README
103.02.25 13:50 A D:\Akram\Supervisor\New-TSDL\TSDL\noakes\richelu.dat --> www-personal.buseco.monash.edu.au /home/personal/hyndman/WWW/TSDL/noakes richelu.dat
103.02.25 13:50 A D:\Akram\Supervisor\New-TSDL\TSDL\noakes\riogrand.dat --> www-personal.buseco.monash.edu.au /home/personal/hyndman/WWW/TSDL/noakes riogrand.dat
103.02.25 13:50 A D:\Akram\Supervisor\New-TSDL\TSDL\noakes\saugeen.dat --> www-personal.buseco.monash.edu.au /home/personal/hyndman/WWW/TSDL/noakes saugeen.dat
103.02.25 13:50 A D:\Akram\Supervisor\New-TSDL\TSDL\noakes\sfskykom.dat --> www-personal.buseco.monash.edu.au /home/personal/hyndman/WWW/TSDL/noakes sfskykom.dat
103.02.25 13:50 A D:\Akram\Supervisor\New-TSDL\TSDL\noakes\ssask.dat --> www-personal.buseco.monash.edu.au /home/personal/hyndman/WWW/TSDL/noakes ssask.dat
103.02.25 13:50 A D:\Akram\Supervisor\New-TSDL\TSDL\noakes\stjohns.dat --> www-personal.buseco.monash.edu.au /home/personal/hyndman/WWW/TSDL/noakes stjohns.dat
103.02.25 13:50 A D:\Akram\Supervisor\New-TSDL\TSDL\noakes\trinity.dat --> www-personal.buseco.monash.edu.au /home/personal/hyndman/WWW/TSDL/noakes trinity.dat
103.02.25 13:50 A D:\Akram\Supervisor\New-TSDL\TSDL\noakes\turtle.dat --> www-personal.buseco.monash.edu.au /home/personal/hyndman/WWW/TSDL/noakes turtle.dat
103.02.25 13:50 A D:\Akram\Supervisor\New-TSDL\TSDL\noakes\wbdelawa.dat --> www-personal.buseco.monash.edu.au /home/personal/hyndman/WWW/TSDL/noakes wbdelawa.dat
103.02.25 13:50 A D:\Akram\Supervisor\New-TSDL\TSDL\noakes\wolf.dat --> www-personal.buseco.monash.edu.au /home/personal/hyndman/WWW/TSDL/noakes wolf.dat
103.02.25 13:51 A D:\Akram\Supervisor\New-TSDL\TSDL\noakes\american.dat --> www-personal.buseco.monash.edu.au /home/personal/hyndman/WWW/TSDL/noakes american.dat
103.02.25 13:51 A D:\Akram\Supervisor\New-TSDL\TSDL\noakes\boise.dat --> www-personal.buseco.monash.edu.au /home/personal/hyndman/WWW/TSDL/noakes boise.dat
103.02.25 13:51 A D:\Akram\Supervisor\New-TSDL\TSDL\noakes\clearwat.dat --> www-personal.buseco.monash.edu.au /home/personal/hyndman/WWW/TSDL/noakes clearwat.dat
103.02.25 13:51 A D:\Akram\Supervisor\New-TSDL\TSDL\noakes\colum.dat --> www-personal.buseco.monash.edu.au /home/personal/hyndman/WWW/TSDL/noakes colum.dat
103.02.25 13:51 A D:\Akram\Supervisor\New-TSDL\TSDL\noakes\current.dat --> www-personal.buseco.monash.edu.au /home/personal/hyndman/WWW/TSDL/noakes current.dat
103.02.25 13:51 A D:\Akram\Supervisor\New-TSDL\TSDL\noakes\english.dat --> www-personal.buseco.monash.edu.au /home/personal/hyndman/WWW/TSDL/noakes english.dat
103.02.25 13:51 A D:\Akram\Supervisor\New-TSDL\TSDL\noakes\feather.dat --> www-personal.buseco.monash.edu.au /home/personal/hyndman/WWW/TSDL/noakes feather.dat
103.02.25 13:51 A D:\Akram\Supervisor\New-TSDL\TSDL\noakes\james.dat --> www-personal.buseco.monash.edu.au /home/personal/hyndman/WWW/TSDL/noakes james.dat
103.02.25 13:51 A D:\Akram\Supervisor\New-TSDL\TSDL\noakes\judith.dat --> www-personal.buseco.monash.edu.au /home/personal/hyndman/WWW/TSDL/noakes judith.dat
103.02.25 13:51 A D:\Akram\Supervisor\New-TSDL\TSDL\noakes\mad.dat --> www-personal.buseco.monash.edu.au /home/personal/hyndman/WWW/TSDL/noakes mad.dat
103.02.25 13:51 A D:\Akram\Supervisor\New-TSDL\TSDL\noakes\madison.dat --> www-personal.buseco.monash.edu.au /home/personal/hyndman/WWW/TSDL/noakes madison.dat
103.02.25 13:51 A D:\Akram\Supervisor\New-TSDL\TSDL\noakes\mboulder.dat --> www-personal.buseco.monash.edu.au /home/personal/hyndman/WWW/TSDL/noakes mboulder.dat
103.02.25 13:51 A D:\Akram\Supervisor\New-TSDL\TSDL\noakes\mckenzie.dat --> www-personal.buseco.monash.edu.au /home/personal/hyndman/WWW/TSDL/noakes mckenzie.dat
103.02.25 13:51 A D:\Akram\Supervisor\New-TSDL\TSDL\noakes\misinab.dat --> www-personal.buseco.monash.edu.au /home/personal/hyndman/WWW/TSDL/noakes misinab.dat
103.02.25 13:51 A D:\Akram\Supervisor\New-TSDL\TSDL\noakes\namakan.dat --> www-personal.buseco.monash.edu.au /home/personal/hyndman/WWW/TSDL/noakes namakan.dat
103.02.25 13:51 A D:\Akram\Supervisor\New-TSDL\TSDL\noakes\neches.dat --> www-personal.buseco.monash.edu.au /home/personal/hyndman/WWW/TSDL/noakes neches.dat
103.02.25 13:51 A D:\Akram\Supervisor\New-TSDL\TSDL\noakes\nmagnet.dat --> www-personal.buseco.monash.edu.au /home/personal/hyndman/WWW/TSDL/noakes nmagnet.dat
103.02.25 13:51 A D:\Akram\Supervisor\New-TSDL\TSDL\noakes\oostanau.dat --> www-personal.buseco.monash.edu.au /home/personal/hyndman/WWW/TSDL/noakes oostanau.dat
103.02.25 13:51 A D:\Akram\Supervisor\New-TSDL\TSDL\noakes\pigeon.dat --> www-personal.buseco.monash.edu.au /home/personal/hyndman/WWW/TSDL/noakes pigeon.dat
103.02.25 13:51 A D:\Akram\Supervisor\New-TSDL\TSDL\noakes\rappahan.dat --> www-personal.buseco.monash.edu.au /home/personal/hyndman/WWW/TSDL/noakes rappahan.dat
103.02.25 13:51 A D:\Akram\Supervisor\New-TSDL\TSDL\noakes\README --> www-personal.buseco.monash.edu.au /home/personal/hyndman/WWW/TSDL/noakes README
103.02.25 13:51 A D:\Akram\Supervisor\New-TSDL\TSDL\noakes\richelu.dat --> www-personal.buseco.monash.edu.au /home/personal/hyndman/WWW/TSDL/noakes richelu.dat
103.02.25 13:51 A D:\Akram\Supervisor\New-TSDL\TSDL\noakes\riogrand.dat --> www-personal.buseco.monash.edu.au /home/personal/hyndman/WWW/TSDL/noakes riogrand.dat
103.02.25 13:51 A D:\Akram\Supervisor\New-TSDL\TSDL\noakes\saugeen.dat --> www-personal.buseco.monash.edu.au /home/personal/hyndman/WWW/TSDL/noakes saugeen.dat
103.02.25 13:51 A D:\Akram\Supervisor\New-TSDL\TSDL\noakes\sfskykom.dat --> www-personal.buseco.monash.edu.au /home/personal/hyndman/WWW/TSDL/noakes sfskykom.dat
103.02.25 13:51 A D:\Akram\Supervisor\New-TSDL\TSDL\noakes\ssask.dat --> www-personal.buseco.monash.edu.au /home/personal/hyndman/WWW/TSDL/noakes ssask.dat
103.02.25 13:51 A D:\Akram\Supervisor\New-TSDL\TSDL\noakes\stjohns.dat --> www-personal.buseco.monash.edu.au /home/personal/hyndman/WWW/TSDL/noakes stjohns.dat
103.02.25 13:51 A D:\Akram\Supervisor\New-TSDL\TSDL\noakes\trinity.dat --> www-personal.buseco.monash.edu.au /home/personal/hyndman/WWW/TSDL/noakes trinity.dat
103.02.25 13:51 A D:\Akram\Supervisor\New-TSDL\TSDL\noakes\turtle.dat --> www-personal.buseco.monash.edu.au /home/personal/hyndman/WWW/TSDL/noakes turtle.dat
103.02.25 13:51 A D:\Akram\Supervisor\New-TSDL\TSDL\noakes\wbdelawa.dat --> www-personal.buseco.monash.edu.au /home/personal/hyndman/WWW/TSDL/noakes wbdelawa.dat
103.02.25 13:51 A D:\Akram\Supervisor\New-TSDL\TSDL\noakes\wolf.dat --> www-personal.buseco.monash.edu.au /home/personal/hyndman/WWW/TSDL/noakes wolf.dat
