103.02.25 13:40 A D:\Akram\Supervisor\New-TSDL\TSDL\misc\caffeine.dat --> www-personal.buseco.monash.edu.au /home/personal/hyndman/WWW/TSDL/misc caffeine.dat
103.02.25 13:40 A D:\Akram\Supervisor\New-TSDL\TSDL\misc\cigb.dat --> www-personal.buseco.monash.edu.au /home/personal/hyndman/WWW/TSDL/misc cigb.dat
103.02.25 13:40 A D:\Akram\Supervisor\New-TSDL\TSDL\misc\freedman.dat --> www-personal.buseco.monash.edu.au /home/personal/hyndman/WWW/TSDL/misc freedman.dat
103.02.25 13:40 A D:\Akram\Supervisor\New-TSDL\TSDL\misc\kings.dat --> www-personal.buseco.monash.edu.au /home/personal/hyndman/WWW/TSDL/misc kings.dat
103.02.25 13:40 A D:\Akram\Supervisor\New-TSDL\TSDL\misc\logistic.dat --> www-personal.buseco.monash.edu.au /home/personal/hyndman/WWW/TSDL/misc logistic.dat
103.02.25 13:40 A D:\Akram\Supervisor\New-TSDL\TSDL\misc\pack.dat --> www-personal.buseco.monash.edu.au /home/personal/hyndman/WWW/TSDL/misc pack.dat
103.02.25 13:40 A D:\Akram\Supervisor\New-TSDL\TSDL\misc\paper.dat --> www-personal.buseco.monash.edu.au /home/personal/hyndman/WWW/TSDL/misc paper.dat
103.02.25 13:40 A D:\Akram\Supervisor\New-TSDL\TSDL\misc\qbirths.dat --> www-personal.buseco.monash.edu.au /home/personal/hyndman/WWW/TSDL/misc qbirths.dat
103.02.25 13:40 A D:\Akram\Supervisor\New-TSDL\TSDL\misc\README --> www-personal.buseco.monash.edu.au /home/personal/hyndman/WWW/TSDL/misc README
103.02.25 13:40 A D:\Akram\Supervisor\New-TSDL\TSDL\misc\salesx.dat --> www-personal.buseco.monash.edu.au /home/personal/hyndman/WWW/TSDL/misc salesx.dat
103.02.25 13:40 A D:\Akram\Supervisor\New-TSDL\TSDL\misc\saugeen.dat --> www-personal.buseco.monash.edu.au /home/personal/hyndman/WWW/TSDL/misc saugeen.dat
103.02.25 13:40 A D:\Akram\Supervisor\New-TSDL\TSDL\misc\simar4.dat --> www-personal.buseco.monash.edu.au /home/personal/hyndman/WWW/TSDL/misc simar4.dat
103.02.25 13:49 A D:\Akram\Supervisor\New-TSDL\TSDL\misc\caffeine.dat --> www-personal.buseco.monash.edu.au /home/personal/hyndman/WWW/TSDL/misc caffeine.dat
103.02.25 13:49 A D:\Akram\Supervisor\New-TSDL\TSDL\misc\cigb.dat --> www-personal.buseco.monash.edu.au /home/personal/hyndman/WWW/TSDL/misc cigb.dat
103.02.25 13:49 A D:\Akram\Supervisor\New-TSDL\TSDL\misc\freedman.dat --> www-personal.buseco.monash.edu.au /home/personal/hyndman/WWW/TSDL/misc freedman.dat
103.02.25 13:49 A D:\Akram\Supervisor\New-TSDL\TSDL\misc\kings.dat --> www-personal.buseco.monash.edu.au /home/personal/hyndman/WWW/TSDL/misc kings.dat
103.02.25 13:49 A D:\Akram\Supervisor\New-TSDL\TSDL\misc\logistic.dat --> www-personal.buseco.monash.edu.au /home/personal/hyndman/WWW/TSDL/misc logistic.dat
103.02.25 13:49 A D:\Akram\Supervisor\New-TSDL\TSDL\misc\pack.dat --> www-personal.buseco.monash.edu.au /home/personal/hyndman/WWW/TSDL/misc pack.dat
103.02.25 13:49 A D:\Akram\Supervisor\New-TSDL\TSDL\misc\paper.dat --> www-personal.buseco.monash.edu.au /home/personal/hyndman/WWW/TSDL/misc paper.dat
103.02.25 13:49 A D:\Akram\Supervisor\New-TSDL\TSDL\misc\qbirths.dat --> www-personal.buseco.monash.edu.au /home/personal/hyndman/WWW/TSDL/misc qbirths.dat
103.02.25 13:49 A D:\Akram\Supervisor\New-TSDL\TSDL\misc\README --> www-personal.buseco.monash.edu.au /home/personal/hyndman/WWW/TSDL/misc README
103.02.25 13:49 A D:\Akram\Supervisor\New-TSDL\TSDL\misc\salesx.dat --> www-personal.buseco.monash.edu.au /home/personal/hyndman/WWW/TSDL/misc salesx.dat
103.02.25 13:49 A D:\Akram\Supervisor\New-TSDL\TSDL\misc\saugeen.dat --> www-personal.buseco.monash.edu.au /home/personal/hyndman/WWW/TSDL/misc saugeen.dat
103.02.25 13:49 A D:\Akram\Supervisor\New-TSDL\TSDL\misc\simar4.dat --> www-personal.buseco.monash.edu.au /home/personal/hyndman/WWW/TSDL/misc simar4.dat
