101.09.19 09:27 B D:\Akram\Supervisor\NTsdl\finance\anderson3.dat --> hades.buseco.monash.edu.au /home/tartarus/hyndman/WWW/TSDL/finance anderson3.dat
101.09.19 09:27 B D:\Akram\Supervisor\NTsdl\finance\bankdata.dat --> hades.buseco.monash.edu.au /home/tartarus/hyndman/WWW/TSDL/finance bankdata.dat
101.09.19 09:27 B D:\Akram\Supervisor\NTsdl\finance\bond2.dat --> hades.buseco.monash.edu.au /home/tartarus/hyndman/WWW/TSDL/finance bond2.dat
101.09.19 09:27 B D:\Akram\Supervisor\NTsdl\finance\boston.dat --> hades.buseco.monash.edu.au /home/tartarus/hyndman/WWW/TSDL/finance boston.dat
101.09.19 09:27 B D:\Akram\Supervisor\NTsdl\finance\boxjenk2.dat --> hades.buseco.monash.edu.au /home/tartarus/hyndman/WWW/TSDL/finance boxjenk2.dat
101.09.19 09:27 B D:\Akram\Supervisor\NTsdl\finance\boxjenk3.dat --> hades.buseco.monash.edu.au /home/tartarus/hyndman/WWW/TSDL/finance boxjenk3.dat
101.09.19 09:27 B D:\Akram\Supervisor\NTsdl\finance\interest.dat --> hades.buseco.monash.edu.au /home/tartarus/hyndman/WWW/TSDL/finance interest.dat
101.09.19 09:27 B D:\Akram\Supervisor\NTsdl\finance\invest.dat --> hades.buseco.monash.edu.au /home/tartarus/hyndman/WWW/TSDL/finance invest.dat
101.09.19 09:27 B D:\Akram\Supervisor\NTsdl\finance\m1.dat --> hades.buseco.monash.edu.au /home/tartarus/hyndman/WWW/TSDL/finance m1.dat
101.09.19 09:27 B D:\Akram\Supervisor\NTsdl\finance\m3.dat --> hades.buseco.monash.edu.au /home/tartarus/hyndman/WWW/TSDL/finance m3.dat
101.09.19 09:27 B D:\Akram\Supervisor\NTsdl\finance\mccleary12.dat --> hades.buseco.monash.edu.au /home/tartarus/hyndman/WWW/TSDL/finance mccleary12.dat
101.09.19 09:27 B D:\Akram\Supervisor\NTsdl\finance\mccleary13.dat --> hades.buseco.monash.edu.au /home/tartarus/hyndman/WWW/TSDL/finance mccleary13.dat
101.09.19 09:27 B D:\Akram\Supervisor\NTsdl\finance\mccleary2.dat --> hades.buseco.monash.edu.au /home/tartarus/hyndman/WWW/TSDL/finance mccleary2.dat
101.09.19 09:27 B D:\Akram\Supervisor\NTsdl\finance\mccleary4.dat --> hades.buseco.monash.edu.au /home/tartarus/hyndman/WWW/TSDL/finance mccleary4.dat
101.09.19 09:27 B D:\Akram\Supervisor\NTsdl\finance\odonovan12.dat --> hades.buseco.monash.edu.au /home/tartarus/hyndman/WWW/TSDL/finance odonovan12.dat
101.09.19 09:27 B D:\Akram\Supervisor\NTsdl\finance\pankratz1.dat --> hades.buseco.monash.edu.au /home/tartarus/hyndman/WWW/TSDL/finance pankratz1.dat
101.09.19 09:27 B D:\Akram\Supervisor\NTsdl\finance\pankratz6.dat --> hades.buseco.monash.edu.au /home/tartarus/hyndman/WWW/TSDL/finance pankratz6.dat
101.09.19 09:27 B D:\Akram\Supervisor\NTsdl\finance\pankratz7.dat --> hades.buseco.monash.edu.au /home/tartarus/hyndman/WWW/TSDL/finance pankratz7.dat
101.09.19 10:03 A D:\Akram\Supervisor\NTsdl\finance\anderson3.dat --> hades.buseco.monash.edu.au /home/tartarus/hyndman/WWW/TSDL/finance anderson3.dat
101.09.19 10:03 A D:\Akram\Supervisor\NTsdl\finance\bankdata.dat --> hades.buseco.monash.edu.au /home/tartarus/hyndman/WWW/TSDL/finance bankdata.dat
101.09.19 10:03 A D:\Akram\Supervisor\NTsdl\finance\bond2.dat --> hades.buseco.monash.edu.au /home/tartarus/hyndman/WWW/TSDL/finance bond2.dat
101.09.19 10:03 A D:\Akram\Supervisor\NTsdl\finance\boston.dat --> hades.buseco.monash.edu.au /home/tartarus/hyndman/WWW/TSDL/finance boston.dat
101.09.19 10:03 A D:\Akram\Supervisor\NTsdl\finance\boxjenk2.dat --> hades.buseco.monash.edu.au /home/tartarus/hyndman/WWW/TSDL/finance boxjenk2.dat
101.09.19 10:03 A D:\Akram\Supervisor\NTsdl\finance\boxjenk3.dat --> hades.buseco.monash.edu.au /home/tartarus/hyndman/WWW/TSDL/finance boxjenk3.dat
101.09.19 10:03 A D:\Akram\Supervisor\NTsdl\finance\interest.dat --> hades.buseco.monash.edu.au /home/tartarus/hyndman/WWW/TSDL/finance interest.dat
101.09.19 10:03 A D:\Akram\Supervisor\NTsdl\finance\invest.dat --> hades.buseco.monash.edu.au /home/tartarus/hyndman/WWW/TSDL/finance invest.dat
101.09.19 10:03 A D:\Akram\Supervisor\NTsdl\finance\m1.dat --> hades.buseco.monash.edu.au /home/tartarus/hyndman/WWW/TSDL/finance m1.dat
101.09.19 10:03 A D:\Akram\Supervisor\NTsdl\finance\m3.dat --> hades.buseco.monash.edu.au /home/tartarus/hyndman/WWW/TSDL/finance m3.dat
101.09.19 10:03 A D:\Akram\Supervisor\NTsdl\finance\mccleary12.dat --> hades.buseco.monash.edu.au /home/tartarus/hyndman/WWW/TSDL/finance mccleary12.dat
101.09.19 10:03 A D:\Akram\Supervisor\NTsdl\finance\mccleary13.dat --> hades.buseco.monash.edu.au /home/tartarus/hyndman/WWW/TSDL/finance mccleary13.dat
101.09.19 10:03 A D:\Akram\Supervisor\NTsdl\finance\mccleary2.dat --> hades.buseco.monash.edu.au /home/tartarus/hyndman/WWW/TSDL/finance mccleary2.dat
101.09.19 10:03 A D:\Akram\Supervisor\NTsdl\finance\mccleary4.dat --> hades.buseco.monash.edu.au /home/tartarus/hyndman/WWW/TSDL/finance mccleary4.dat
101.09.19 10:03 A D:\Akram\Supervisor\NTsdl\finance\odonovan12.dat --> hades.buseco.monash.edu.au /home/tartarus/hyndman/WWW/TSDL/finance odonovan12.dat
101.09.19 10:03 A D:\Akram\Supervisor\NTsdl\finance\pankratz1.dat --> hades.buseco.monash.edu.au /home/tartarus/hyndman/WWW/TSDL/finance pankratz1.dat
101.09.19 10:03 A D:\Akram\Supervisor\NTsdl\finance\pankratz6.dat --> hades.buseco.monash.edu.au /home/tartarus/hyndman/WWW/TSDL/finance pankratz6.dat
101.09.19 10:03 A D:\Akram\Supervisor\NTsdl\finance\pankratz7.dat --> hades.buseco.monash.edu.au /home/tartarus/hyndman/WWW/TSDL/finance pankratz7.dat
