103.02.25 13:40 A D:\Akram\Supervisor\New-TSDL\TSDL\monthly\arosa.dat --> www-personal.buseco.monash.edu.au /home/personal/hyndman/WWW/TSDL/monthly arosa.dat
103.02.25 13:40 A D:\Akram\Supervisor\New-TSDL\TSDL\monthly\azusa.dat --> www-personal.buseco.monash.edu.au /home/personal/hyndman/WWW/TSDL/monthly azusa.dat
103.02.25 13:40 A D:\Akram\Supervisor\New-TSDL\TSDL\monthly\baydu.dat --> www-personal.buseco.monash.edu.au /home/personal/hyndman/WWW/TSDL/monthly baydu.dat
103.02.25 13:40 A D:\Akram\Supervisor\New-TSDL\TSDL\monthly\co2.dat --> www-personal.buseco.monash.edu.au /home/personal/hyndman/WWW/TSDL/monthly co2.dat
103.02.25 13:40 A D:\Akram\Supervisor\New-TSDL\TSDL\monthly\cpi.dat --> www-personal.buseco.monash.edu.au /home/personal/hyndman/WWW/TSDL/monthly cpi.dat
103.02.25 13:40 A D:\Akram\Supervisor\New-TSDL\TSDL\monthly\elbe.dat --> www-personal.buseco.monash.edu.au /home/personal/hyndman/WWW/TSDL/monthly elbe.dat
103.02.25 13:40 A D:\Akram\Supervisor\New-TSDL\TSDL\monthly\engines.dat --> www-personal.buseco.monash.edu.au /home/personal/hyndman/WWW/TSDL/monthly engines.dat
103.02.25 13:40 A D:\Akram\Supervisor\New-TSDL\TSDL\monthly\fraser.dat --> www-personal.buseco.monash.edu.au /home/personal/hyndman/WWW/TSDL/monthly fraser.dat
103.02.25 13:40 A D:\Akram\Supervisor\New-TSDL\TSDL\monthly\furnas.dat --> www-personal.buseco.monash.edu.au /home/personal/hyndman/WWW/TSDL/monthly furnas.dat
103.02.25 13:40 A D:\Akram\Supervisor\New-TSDL\TSDL\monthly\guelph.dat --> www-personal.buseco.monash.edu.au /home/personal/hyndman/WWW/TSDL/monthly guelph.dat
103.02.25 13:40 A D:\Akram\Supervisor\New-TSDL\TSDL\monthly\hankou.dat --> www-personal.buseco.monash.edu.au /home/personal/hyndman/WWW/TSDL/monthly hankou.dat
103.02.25 13:40 A D:\Akram\Supervisor\New-TSDL\TSDL\monthly\niagra.dat --> www-personal.buseco.monash.edu.au /home/personal/hyndman/WWW/TSDL/monthly niagra.dat
103.02.25 13:40 A D:\Akram\Supervisor\New-TSDL\TSDL\monthly\nigeria.dat --> www-personal.buseco.monash.edu.au /home/personal/hyndman/WWW/TSDL/monthly nigeria.dat
103.02.25 13:40 A D:\Akram\Supervisor\New-TSDL\TSDL\monthly\nilemon.dat --> www-personal.buseco.monash.edu.au /home/personal/hyndman/WWW/TSDL/monthly nilemon.dat
103.02.25 13:40 A D:\Akram\Supervisor\New-TSDL\TSDL\monthly\ozone.dat --> www-personal.buseco.monash.edu.au /home/personal/hyndman/WWW/TSDL/monthly ozone.dat
103.02.25 13:40 A D:\Akram\Supervisor\New-TSDL\TSDL\monthly\peas.dat --> www-personal.buseco.monash.edu.au /home/personal/hyndman/WWW/TSDL/monthly peas.dat
103.02.25 13:40 A D:\Akram\Supervisor\New-TSDL\TSDL\monthly\piper.dat --> www-personal.buseco.monash.edu.au /home/personal/hyndman/WWW/TSDL/monthly piper.dat
103.02.25 13:40 A D:\Akram\Supervisor\New-TSDL\TSDL\monthly\pphil.dat --> www-personal.buseco.monash.edu.au /home/personal/hyndman/WWW/TSDL/monthly pphil.dat
103.02.25 13:40 A D:\Akram\Supervisor\New-TSDL\TSDL\monthly\README --> www-personal.buseco.monash.edu.au /home/personal/hyndman/WWW/TSDL/monthly README
103.02.25 13:40 A D:\Akram\Supervisor\New-TSDL\TSDL\monthly\reddeer.dat --> www-personal.buseco.monash.edu.au /home/personal/hyndman/WWW/TSDL/monthly reddeer.dat
103.02.25 13:40 A D:\Akram\Supervisor\New-TSDL\TSDL\monthly\riotiete.dat --> www-personal.buseco.monash.edu.au /home/personal/hyndman/WWW/TSDL/monthly riotiete.dat
103.02.25 13:40 A D:\Akram\Supervisor\New-TSDL\TSDL\monthly\salesx.dat --> www-personal.buseco.monash.edu.au /home/personal/hyndman/WWW/TSDL/monthly salesx.dat
103.02.25 13:40 A D:\Akram\Supervisor\New-TSDL\TSDL\monthly\ssask.dat --> www-personal.buseco.monash.edu.au /home/personal/hyndman/WWW/TSDL/monthly ssask.dat
103.02.25 13:40 A D:\Akram\Supervisor\New-TSDL\TSDL\monthly\sunsptmo.dat --> www-personal.buseco.monash.edu.au /home/personal/hyndman/WWW/TSDL/monthly sunsptmo.dat
103.02.25 13:40 A D:\Akram\Supervisor\New-TSDL\TSDL\monthly\tpmon.dat --> www-personal.buseco.monash.edu.au /home/personal/hyndman/WWW/TSDL/monthly tpmon.dat
103.02.25 13:40 A D:\Akram\Supervisor\New-TSDL\TSDL\monthly\tseoil.dat --> www-personal.buseco.monash.edu.au /home/personal/hyndman/WWW/TSDL/monthly tseoil.dat
103.02.25 13:40 A D:\Akram\Supervisor\New-TSDL\TSDL\monthly\woods.dat --> www-personal.buseco.monash.edu.au /home/personal/hyndman/WWW/TSDL/monthly woods.dat
103.02.25 13:40 A D:\Akram\Supervisor\New-TSDL\TSDL\monthly\wqlondon.dat --> www-personal.buseco.monash.edu.au /home/personal/hyndman/WWW/TSDL/monthly wqlondon.dat
103.02.25 13:50 A D:\Akram\Supervisor\New-TSDL\TSDL\monthly\arosa.dat --> www-personal.buseco.monash.edu.au /home/personal/hyndman/WWW/TSDL/monthly arosa.dat
103.02.25 13:50 A D:\Akram\Supervisor\New-TSDL\TSDL\monthly\azusa.dat --> www-personal.buseco.monash.edu.au /home/personal/hyndman/WWW/TSDL/monthly azusa.dat
103.02.25 13:50 A D:\Akram\Supervisor\New-TSDL\TSDL\monthly\baydu.dat --> www-personal.buseco.monash.edu.au /home/personal/hyndman/WWW/TSDL/monthly baydu.dat
103.02.25 13:50 A D:\Akram\Supervisor\New-TSDL\TSDL\monthly\co2.dat --> www-personal.buseco.monash.edu.au /home/personal/hyndman/WWW/TSDL/monthly co2.dat
103.02.25 13:50 A D:\Akram\Supervisor\New-TSDL\TSDL\monthly\cpi.dat --> www-personal.buseco.monash.edu.au /home/personal/hyndman/WWW/TSDL/monthly cpi.dat
103.02.25 13:50 A D:\Akram\Supervisor\New-TSDL\TSDL\monthly\elbe.dat --> www-personal.buseco.monash.edu.au /home/personal/hyndman/WWW/TSDL/monthly elbe.dat
103.02.25 13:50 A D:\Akram\Supervisor\New-TSDL\TSDL\monthly\engines.dat --> www-personal.buseco.monash.edu.au /home/personal/hyndman/WWW/TSDL/monthly engines.dat
103.02.25 13:50 A D:\Akram\Supervisor\New-TSDL\TSDL\monthly\fraser.dat --> www-personal.buseco.monash.edu.au /home/personal/hyndman/WWW/TSDL/monthly fraser.dat
103.02.25 13:50 A D:\Akram\Supervisor\New-TSDL\TSDL\monthly\furnas.dat --> www-personal.buseco.monash.edu.au /home/personal/hyndman/WWW/TSDL/monthly furnas.dat
103.02.25 13:50 A D:\Akram\Supervisor\New-TSDL\TSDL\monthly\guelph.dat --> www-personal.buseco.monash.edu.au /home/personal/hyndman/WWW/TSDL/monthly guelph.dat
103.02.25 13:50 A D:\Akram\Supervisor\New-TSDL\TSDL\monthly\hankou.dat --> www-personal.buseco.monash.edu.au /home/personal/hyndman/WWW/TSDL/monthly hankou.dat
103.02.25 13:50 A D:\Akram\Supervisor\New-TSDL\TSDL\monthly\niagra.dat --> www-personal.buseco.monash.edu.au /home/personal/hyndman/WWW/TSDL/monthly niagra.dat
103.02.25 13:50 A D:\Akram\Supervisor\New-TSDL\TSDL\monthly\nigeria.dat --> www-personal.buseco.monash.edu.au /home/personal/hyndman/WWW/TSDL/monthly nigeria.dat
103.02.25 13:50 A D:\Akram\Supervisor\New-TSDL\TSDL\monthly\nilemon.dat --> www-personal.buseco.monash.edu.au /home/personal/hyndman/WWW/TSDL/monthly nilemon.dat
103.02.25 13:50 A D:\Akram\Supervisor\New-TSDL\TSDL\monthly\ozone.dat --> www-personal.buseco.monash.edu.au /home/personal/hyndman/WWW/TSDL/monthly ozone.dat
103.02.25 13:50 A D:\Akram\Supervisor\New-TSDL\TSDL\monthly\peas.dat --> www-personal.buseco.monash.edu.au /home/personal/hyndman/WWW/TSDL/monthly peas.dat
103.02.25 13:50 A D:\Akram\Supervisor\New-TSDL\TSDL\monthly\piper.dat --> www-personal.buseco.monash.edu.au /home/personal/hyndman/WWW/TSDL/monthly piper.dat
103.02.25 13:50 A D:\Akram\Supervisor\New-TSDL\TSDL\monthly\pphil.dat --> www-personal.buseco.monash.edu.au /home/personal/hyndman/WWW/TSDL/monthly pphil.dat
103.02.25 13:50 A D:\Akram\Supervisor\New-TSDL\TSDL\monthly\README --> www-personal.buseco.monash.edu.au /home/personal/hyndman/WWW/TSDL/monthly README
103.02.25 13:50 A D:\Akram\Supervisor\New-TSDL\TSDL\monthly\reddeer.dat --> www-personal.buseco.monash.edu.au /home/personal/hyndman/WWW/TSDL/monthly reddeer.dat
103.02.25 13:50 A D:\Akram\Supervisor\New-TSDL\TSDL\monthly\riotiete.dat --> www-personal.buseco.monash.edu.au /home/personal/hyndman/WWW/TSDL/monthly riotiete.dat
103.02.25 13:50 A D:\Akram\Supervisor\New-TSDL\TSDL\monthly\salesx.dat --> www-personal.buseco.monash.edu.au /home/personal/hyndman/WWW/TSDL/monthly salesx.dat
103.02.25 13:50 A D:\Akram\Supervisor\New-TSDL\TSDL\monthly\ssask.dat --> www-personal.buseco.monash.edu.au /home/personal/hyndman/WWW/TSDL/monthly ssask.dat
103.02.25 13:50 A D:\Akram\Supervisor\New-TSDL\TSDL\monthly\sunsptmo.dat --> www-personal.buseco.monash.edu.au /home/personal/hyndman/WWW/TSDL/monthly sunsptmo.dat
103.02.25 13:50 A D:\Akram\Supervisor\New-TSDL\TSDL\monthly\tpmon.dat --> www-personal.buseco.monash.edu.au /home/personal/hyndman/WWW/TSDL/monthly tpmon.dat
103.02.25 13:50 A D:\Akram\Supervisor\New-TSDL\TSDL\monthly\tseoil.dat --> www-personal.buseco.monash.edu.au /home/personal/hyndman/WWW/TSDL/monthly tseoil.dat
103.02.25 13:50 A D:\Akram\Supervisor\New-TSDL\TSDL\monthly\woods.dat --> www-personal.buseco.monash.edu.au /home/personal/hyndman/WWW/TSDL/monthly woods.dat
103.02.25 13:50 A D:\Akram\Supervisor\New-TSDL\TSDL\monthly\wqlondon.dat --> www-personal.buseco.monash.edu.au /home/personal/hyndman/WWW/TSDL/monthly wqlondon.dat
