103.02.25 13:38 A D:\Akram\Supervisor\New-TSDL\TSDL\cnelson\bnd.dat --> www-personal.buseco.monash.edu.au /home/personal/hyndman/WWW/TSDL/cnelson bnd.dat
103.02.25 13:38 A D:\Akram\Supervisor\New-TSDL\TSDL\cnelson\cpi.dat --> www-personal.buseco.monash.edu.au /home/personal/hyndman/WWW/TSDL/cnelson cpi.dat
103.02.25 13:38 A D:\Akram\Supervisor\New-TSDL\TSDL\cnelson\emp.dat --> www-personal.buseco.monash.edu.au /home/personal/hyndman/WWW/TSDL/cnelson emp.dat
103.02.25 13:38 A D:\Akram\Supervisor\New-TSDL\TSDL\cnelson\gnp.dat --> www-personal.buseco.monash.edu.au /home/personal/hyndman/WWW/TSDL/cnelson gnp.dat
103.02.25 13:38 A D:\Akram\Supervisor\New-TSDL\TSDL\cnelson\ip.dat --> www-personal.buseco.monash.edu.au /home/personal/hyndman/WWW/TSDL/cnelson ip.dat
103.02.25 13:38 A D:\Akram\Supervisor\New-TSDL\TSDL\cnelson\m.dat --> www-personal.buseco.monash.edu.au /home/personal/hyndman/WWW/TSDL/cnelson m.dat
103.02.25 13:38 A D:\Akram\Supervisor\New-TSDL\TSDL\cnelson\pcrgnp.dat --> www-personal.buseco.monash.edu.au /home/personal/hyndman/WWW/TSDL/cnelson pcrgnp.dat
103.02.25 13:38 A D:\Akram\Supervisor\New-TSDL\TSDL\cnelson\prgnp.dat --> www-personal.buseco.monash.edu.au /home/personal/hyndman/WWW/TSDL/cnelson prgnp.dat
103.02.25 13:38 A D:\Akram\Supervisor\New-TSDL\TSDL\cnelson\readme.txt --> www-personal.buseco.monash.edu.au /home/personal/hyndman/WWW/TSDL/cnelson readme.txt
103.02.25 13:38 A D:\Akram\Supervisor\New-TSDL\TSDL\cnelson\rgnp.dat --> www-personal.buseco.monash.edu.au /home/personal/hyndman/WWW/TSDL/cnelson rgnp.dat
103.02.25 13:38 A D:\Akram\Supervisor\New-TSDL\TSDL\cnelson\rwg.dat --> www-personal.buseco.monash.edu.au /home/personal/hyndman/WWW/TSDL/cnelson rwg.dat
103.02.25 13:38 A D:\Akram\Supervisor\New-TSDL\TSDL\cnelson\sp500-2.dat --> www-personal.buseco.monash.edu.au /home/personal/hyndman/WWW/TSDL/cnelson sp500-2.dat
103.02.25 13:38 A D:\Akram\Supervisor\New-TSDL\TSDL\cnelson\un.dat --> www-personal.buseco.monash.edu.au /home/personal/hyndman/WWW/TSDL/cnelson un.dat
103.02.25 13:38 A D:\Akram\Supervisor\New-TSDL\TSDL\cnelson\vel.dat --> www-personal.buseco.monash.edu.au /home/personal/hyndman/WWW/TSDL/cnelson vel.dat
103.02.25 13:38 A D:\Akram\Supervisor\New-TSDL\TSDL\cnelson\wg.dat --> www-personal.buseco.monash.edu.au /home/personal/hyndman/WWW/TSDL/cnelson wg.dat
2003.10.17 16:40 A C:\Akram\Supervisor\New-TSDL\TSDL\cnelson\emp.dat --> www-personal.buseco.monash.edu.au /home/personal/hyndman/WWW/TSDL/cnelson emp.dat
2003.10.17 16:41 A C:\Akram\Supervisor\New-TSDL\TSDL\cnelson\un.dat --> www-personal.buseco.monash.edu.au /home/personal/hyndman/WWW/TSDL/cnelson un.dat
2003.10.17 16:41 A C:\Akram\Supervisor\New-TSDL\TSDL\cnelson\WS_FTP.LOG --> www-personal.buseco.monash.edu.au /home/personal/hyndman/WWW/TSDL/cnelson WS_FTP.LOG
2003.10.17 16:45 A C:\Akram\Supervisor\New-TSDL\TSDL\cnelson\emp.dat --> www-personal.buseco.monash.edu.au /home/personal/hyndman/WWW/TSDL/cnelson emp.dat
2003.10.17 16:45 A C:\Akram\Supervisor\New-TSDL\TSDL\cnelson\un.dat --> www-personal.buseco.monash.edu.au /home/personal/hyndman/WWW/TSDL/cnelson un.dat
2003.10.17 16:50 A C:\Akram\Supervisor\New-TSDL\TSDL\cnelson\prgnp.dat --> www-personal.buseco.monash.edu.au /home/personal/hyndman/WWW/TSDL/cnelson prgnp.dat
2003.10.17 16:53 A C:\Akram\Supervisor\New-TSDL\TSDL\cnelson\emp.dat --> www-personal.buseco.monash.edu.au /home/personal/hyndman/WWW/TSDL/cnelson emp.dat
2003.10.17 16:53 A C:\Akram\Supervisor\New-TSDL\TSDL\cnelson\prgnp.dat --> www-personal.buseco.monash.edu.au /home/personal/hyndman/WWW/TSDL/cnelson prgnp.dat
2003.10.17 16:54 A C:\Akram\Supervisor\New-TSDL\TSDL\cnelson\un.dat --> www-personal.buseco.monash.edu.au /home/personal/hyndman/WWW/TSDL/cnelson un.dat
