102.04.29 11:10 A D:\Akram\Supervisor\New-TSDL\Tsdl\TSDL\mhts\ROBERTS\AARIVINT.1 --> hades.buseco.monash.edu.au /home/tartarus/hyndman/WWW/TSDL/ROBERTS AARIVINT.1
102.04.29 11:10 A D:\Akram\Supervisor\New-TSDL\Tsdl\TSDL\mhts\ROBERTS\ALIGN.1 --> hades.buseco.monash.edu.au /home/tartarus/hyndman/WWW/TSDL/ROBERTS ALIGN.1
102.04.29 11:10 A D:\Akram\Supervisor\New-TSDL\Tsdl\TSDL\mhts\ROBERTS\ATT.1 --> hades.buseco.monash.edu.au /home/tartarus/hyndman/WWW/TSDL/ROBERTS ATT.1
102.04.29 11:10 A D:\Akram\Supervisor\New-TSDL\Tsdl\TSDL\mhts\ROBERTS\BEARDS.1 --> hades.buseco.monash.edu.au /home/tartarus/hyndman/WWW/TSDL/ROBERTS BEARDS.1
102.04.29 11:10 A D:\Akram\Supervisor\New-TSDL\Tsdl\TSDL\mhts\ROBERTS\BLUME.1 --> hades.buseco.monash.edu.au /home/tartarus/hyndman/WWW/TSDL/ROBERTS BLUME.1
102.04.29 11:10 A D:\Akram\Supervisor\New-TSDL\Tsdl\TSDL\mhts\ROBERTS\BOXHU1.1 --> hades.buseco.monash.edu.au /home/tartarus/hyndman/WWW/TSDL/ROBERTS BOXHU1.1
102.04.29 11:10 A D:\Akram\Supervisor\New-TSDL\Tsdl\TSDL\mhts\ROBERTS\BOXHUN.1 --> hades.buseco.monash.edu.au /home/tartarus/hyndman/WWW/TSDL/ROBERTS BOXHUN.1
102.04.29 11:10 A D:\Akram\Supervisor\New-TSDL\Tsdl\TSDL\mhts\ROBERTS\CCPI.1 --> hades.buseco.monash.edu.au /home/tartarus/hyndman/WWW/TSDL/ROBERTS CCPI.1
102.04.29 11:10 A D:\Akram\Supervisor\New-TSDL\Tsdl\TSDL\mhts\ROBERTS\CRYER.1 --> hades.buseco.monash.edu.au /home/tartarus/hyndman/WWW/TSDL/ROBERTS CRYER.1
102.04.29 11:10 A D:\Akram\Supervisor\New-TSDL\Tsdl\TSDL\mhts\ROBERTS\DJ.1 --> hades.buseco.monash.edu.au /home/tartarus/hyndman/WWW/TSDL/ROBERTS DJ.1
102.04.29 11:10 A D:\Akram\Supervisor\New-TSDL\Tsdl\TSDL\mhts\ROBERTS\DJWEEK.1 --> hades.buseco.monash.edu.au /home/tartarus/hyndman/WWW/TSDL/ROBERTS DJWEEK.1
102.04.29 11:10 A D:\Akram\Supervisor\New-TSDL\Tsdl\TSDL\mhts\ROBERTS\EGDEMAN.2 --> hades.buseco.monash.edu.au /home/tartarus/hyndman/WWW/TSDL/ROBERTS EGDEMAN.2
102.04.29 11:10 A D:\Akram\Supervisor\New-TSDL\Tsdl\TSDL\mhts\ROBERTS\G.1 --> hades.buseco.monash.edu.au /home/tartarus/hyndman/WWW/TSDL/ROBERTS G.1
102.04.29 11:10 A D:\Akram\Supervisor\New-TSDL\Tsdl\TSDL\mhts\ROBERTS\GLOBWARM.1 --> hades.buseco.monash.edu.au /home/tartarus/hyndman/WWW/TSDL/ROBERTS GLOBWARM.1
102.04.29 11:10 A D:\Akram\Supervisor\New-TSDL\Tsdl\TSDL\mhts\ROBERTS\GNPN.1 --> hades.buseco.monash.edu.au /home/tartarus/hyndman/WWW/TSDL/ROBERTS GNPN.1
102.04.29 11:10 A D:\Akram\Supervisor\New-TSDL\Tsdl\TSDL\mhts\ROBERTS\GNPR.1 --> hades.buseco.monash.edu.au /home/tartarus/hyndman/WWW/TSDL/ROBERTS GNPR.1
102.04.29 11:10 A D:\Akram\Supervisor\New-TSDL\Tsdl\TSDL\mhts\ROBERTS\GRANT.1 --> hades.buseco.monash.edu.au /home/tartarus/hyndman/WWW/TSDL/ROBERTS GRANT.1
102.04.29 11:10 A D:\Akram\Supervisor\New-TSDL\Tsdl\TSDL\mhts\ROBERTS\GRUEN.1 --> hades.buseco.monash.edu.au /home/tartarus/hyndman/WWW/TSDL/ROBERTS GRUEN.1
102.04.29 11:10 A D:\Akram\Supervisor\New-TSDL\Tsdl\TSDL\mhts\ROBERTS\HALSEY.1 --> hades.buseco.monash.edu.au /home/tartarus/hyndman/WWW/TSDL/ROBERTS HALSEY.1
102.04.29 11:10 A D:\Akram\Supervisor\New-TSDL\Tsdl\TSDL\mhts\ROBERTS\HARBOR.1 --> hades.buseco.monash.edu.au /home/tartarus/hyndman/WWW/TSDL/ROBERTS HARBOR.1
102.04.29 11:10 A D:\Akram\Supervisor\New-TSDL\Tsdl\TSDL\mhts\ROBERTS\IBM.1 --> hades.buseco.monash.edu.au /home/tartarus/hyndman/WWW/TSDL/ROBERTS IBM.1
102.04.29 11:10 A D:\Akram\Supervisor\New-TSDL\Tsdl\TSDL\mhts\ROBERTS\IPI.1 --> hades.buseco.monash.edu.au /home/tartarus/hyndman/WWW/TSDL/ROBERTS IPI.1
102.04.29 11:10 A D:\Akram\Supervisor\New-TSDL\Tsdl\TSDL\mhts\ROBERTS\IRONSU.3 --> hades.buseco.monash.edu.au /home/tartarus/hyndman/WWW/TSDL/ROBERTS IRONSU.3
102.04.29 11:10 A D:\Akram\Supervisor\New-TSDL\Tsdl\TSDL\mhts\ROBERTS\ISH66.1 --> hades.buseco.monash.edu.au /home/tartarus/hyndman/WWW/TSDL/ROBERTS ISH66.1
102.04.29 11:10 A D:\Akram\Supervisor\New-TSDL\Tsdl\TSDL\mhts\ROBERTS\JOE.3 --> hades.buseco.monash.edu.au /home/tartarus/hyndman/WWW/TSDL/ROBERTS JOE.3
102.04.29 11:10 A D:\Akram\Supervisor\New-TSDL\Tsdl\TSDL\mhts\ROBERTS\LAKEMICH.1 --> hades.buseco.monash.edu.au /home/tartarus/hyndman/WWW/TSDL/ROBERTS LAKEMICH.1
102.04.29 11:10 A D:\Akram\Supervisor\New-TSDL\Tsdl\TSDL\mhts\ROBERTS\LYNDPIN.2 --> hades.buseco.monash.edu.au /home/tartarus/hyndman/WWW/TSDL/ROBERTS LYNDPIN.2
102.04.29 11:10 A D:\Akram\Supervisor\New-TSDL\Tsdl\TSDL\mhts\ROBERTS\M.1 --> hades.buseco.monash.edu.au /home/tartarus/hyndman/WWW/TSDL/ROBERTS M.1
102.04.29 11:10 A D:\Akram\Supervisor\New-TSDL\Tsdl\TSDL\mhts\ROBERTS\NYSE.1 --> hades.buseco.monash.edu.au /home/tartarus/hyndman/WWW/TSDL/ROBERTS NYSE.1
102.04.29 11:10 A D:\Akram\Supervisor\New-TSDL\Tsdl\TSDL\mhts\ROBERTS\PGREATL.1 --> hades.buseco.monash.edu.au /home/tartarus/hyndman/WWW/TSDL/ROBERTS PGREATL.1
102.04.29 11:10 A D:\Akram\Supervisor\New-TSDL\Tsdl\TSDL\mhts\ROBERTS\PLHURON.1 --> hades.buseco.monash.edu.au /home/tartarus/hyndman/WWW/TSDL/ROBERTS PLHURON.1
102.04.29 11:10 A D:\Akram\Supervisor\New-TSDL\Tsdl\TSDL\mhts\ROBERTS\PLMICH.1 --> hades.buseco.monash.edu.au /home/tartarus/hyndman/WWW/TSDL/ROBERTS PLMICH.1
102.04.29 11:10 A D:\Akram\Supervisor\New-TSDL\Tsdl\TSDL\mhts\ROBERTS\PLSUPER.1 --> hades.buseco.monash.edu.au /home/tartarus/hyndman/WWW/TSDL/ROBERTS PLSUPER.1
102.04.29 11:10 A D:\Akram\Supervisor\New-TSDL\Tsdl\TSDL\mhts\ROBERTS\README --> hades.buseco.monash.edu.au /home/tartarus/hyndman/WWW/TSDL/ROBERTS README
102.04.29 11:10 A D:\Akram\Supervisor\New-TSDL\Tsdl\TSDL\mhts\ROBERTS\RGNP.1 --> hades.buseco.monash.edu.au /home/tartarus/hyndman/WWW/TSDL/ROBERTS RGNP.1
102.04.29 11:10 A D:\Akram\Supervisor\New-TSDL\Tsdl\TSDL\mhts\ROBERTS\ROCKY.1 --> hades.buseco.monash.edu.au /home/tartarus/hyndman/WWW/TSDL/ROBERTS ROCKY.1
102.04.29 11:10 A D:\Akram\Supervisor\New-TSDL\Tsdl\TSDL\mhts\ROBERTS\SCHOLES.1 --> hades.buseco.monash.edu.au /home/tartarus/hyndman/WWW/TSDL/ROBERTS SCHOLES.1
102.04.29 11:10 A D:\Akram\Supervisor\New-TSDL\Tsdl\TSDL\mhts\ROBERTS\SKIRTS.1 --> hades.buseco.monash.edu.au /home/tartarus/hyndman/WWW/TSDL/ROBERTS SKIRTS.1
102.04.29 11:10 A D:\Akram\Supervisor\New-TSDL\Tsdl\TSDL\mhts\ROBERTS\SNOW.1 --> hades.buseco.monash.edu.au /home/tartarus/hyndman/WWW/TSDL/ROBERTS SNOW.1
102.04.29 11:10 A D:\Akram\Supervisor\New-TSDL\Tsdl\TSDL\mhts\ROBERTS\TBILLS.1 --> hades.buseco.monash.edu.au /home/tartarus/hyndman/WWW/TSDL/ROBERTS TBILLS.1
102.04.29 11:10 A D:\Akram\Supervisor\New-TSDL\Tsdl\TSDL\mhts\ROBERTS\U.1 --> hades.buseco.monash.edu.au /home/tartarus/hyndman/WWW/TSDL/ROBERTS U.1
102.04.29 11:10 A D:\Akram\Supervisor\New-TSDL\Tsdl\TSDL\mhts\ROBERTS\VELMON.1 --> hades.buseco.monash.edu.au /home/tartarus/hyndman/WWW/TSDL/ROBERTS VELMON.1
102.04.29 11:10 A D:\Akram\Supervisor\New-TSDL\Tsdl\TSDL\mhts\ROBERTS\YULE1.1 --> hades.buseco.monash.edu.au /home/tartarus/hyndman/WWW/TSDL/ROBERTS YULE1.1
102.04.29 11:10 A D:\Akram\Supervisor\New-TSDL\Tsdl\TSDL\mhts\ROBERTS\YULE2.1 --> hades.buseco.monash.edu.au /home/tartarus/hyndman/WWW/TSDL/ROBERTS YULE2.1
102.05.06 15:25 A D:\Akram\Supervisor\New-TSDL\Tsdl\TSDL\mhts\roberts\Aarivint.dat --> hades.buseco.monash.edu.au /home/tartarus/hyndman/WWW/TSDL/roberts Aarivint.dat
102.05.06 15:25 A D:\Akram\Supervisor\New-TSDL\Tsdl\TSDL\mhts\roberts\Align.dat --> hades.buseco.monash.edu.au /home/tartarus/hyndman/WWW/TSDL/roberts Align.dat
102.05.06 15:25 A D:\Akram\Supervisor\New-TSDL\Tsdl\TSDL\mhts\roberts\Att.dat --> hades.buseco.monash.edu.au /home/tartarus/hyndman/WWW/TSDL/roberts Att.dat
102.05.06 15:25 A D:\Akram\Supervisor\New-TSDL\Tsdl\TSDL\mhts\roberts\Beards.dat --> hades.buseco.monash.edu.au /home/tartarus/hyndman/WWW/TSDL/roberts Beards.dat
102.05.06 15:25 A D:\Akram\Supervisor\New-TSDL\Tsdl\TSDL\mhts\roberts\Blume.dat --> hades.buseco.monash.edu.au /home/tartarus/hyndman/WWW/TSDL/roberts Blume.dat
102.05.06 15:25 A D:\Akram\Supervisor\New-TSDL\Tsdl\TSDL\mhts\roberts\Boxhu1.dat --> hades.buseco.monash.edu.au /home/tartarus/hyndman/WWW/TSDL/roberts Boxhu1.dat
102.05.06 15:25 A D:\Akram\Supervisor\New-TSDL\Tsdl\TSDL\mhts\roberts\Boxhun.dat --> hades.buseco.monash.edu.au /home/tartarus/hyndman/WWW/TSDL/roberts Boxhun.dat
102.05.06 15:25 A D:\Akram\Supervisor\New-TSDL\Tsdl\TSDL\mhts\roberts\Ccpi.dat --> hades.buseco.monash.edu.au /home/tartarus/hyndman/WWW/TSDL/roberts Ccpi.dat
102.05.06 15:25 A D:\Akram\Supervisor\New-TSDL\Tsdl\TSDL\mhts\roberts\Cryer.dat --> hades.buseco.monash.edu.au /home/tartarus/hyndman/WWW/TSDL/roberts Cryer.dat
102.05.06 15:25 A D:\Akram\Supervisor\New-TSDL\Tsdl\TSDL\mhts\roberts\Dj.dat --> hades.buseco.monash.edu.au /home/tartarus/hyndman/WWW/TSDL/roberts Dj.dat
102.05.06 15:25 A D:\Akram\Supervisor\New-TSDL\Tsdl\TSDL\mhts\roberts\Djweek.dat --> hades.buseco.monash.edu.au /home/tartarus/hyndman/WWW/TSDL/roberts Djweek.dat
102.05.06 15:25 A D:\Akram\Supervisor\New-TSDL\Tsdl\TSDL\mhts\roberts\Egdeman.dat --> hades.buseco.monash.edu.au /home/tartarus/hyndman/WWW/TSDL/roberts Egdeman.dat
102.05.06 15:25 A D:\Akram\Supervisor\New-TSDL\Tsdl\TSDL\mhts\roberts\G.dat --> hades.buseco.monash.edu.au /home/tartarus/hyndman/WWW/TSDL/roberts G.dat
102.05.06 15:25 A D:\Akram\Supervisor\New-TSDL\Tsdl\TSDL\mhts\roberts\Globwarm.dat --> hades.buseco.monash.edu.au /home/tartarus/hyndman/WWW/TSDL/roberts Globwarm.dat
102.05.06 15:25 A D:\Akram\Supervisor\New-TSDL\Tsdl\TSDL\mhts\roberts\Gnpn.dat --> hades.buseco.monash.edu.au /home/tartarus/hyndman/WWW/TSDL/roberts Gnpn.dat
102.05.06 15:25 A D:\Akram\Supervisor\New-TSDL\Tsdl\TSDL\mhts\roberts\Gnpr.dat --> hades.buseco.monash.edu.au /home/tartarus/hyndman/WWW/TSDL/roberts Gnpr.dat
102.05.06 15:25 A D:\Akram\Supervisor\New-TSDL\Tsdl\TSDL\mhts\roberts\Grant.dat --> hades.buseco.monash.edu.au /home/tartarus/hyndman/WWW/TSDL/roberts Grant.dat
102.05.06 15:25 A D:\Akram\Supervisor\New-TSDL\Tsdl\TSDL\mhts\roberts\Gruen.dat --> hades.buseco.monash.edu.au /home/tartarus/hyndman/WWW/TSDL/roberts Gruen.dat
102.05.06 15:25 A D:\Akram\Supervisor\New-TSDL\Tsdl\TSDL\mhts\roberts\Halsey.dat --> hades.buseco.monash.edu.au /home/tartarus/hyndman/WWW/TSDL/roberts Halsey.dat
102.05.06 15:25 A D:\Akram\Supervisor\New-TSDL\Tsdl\TSDL\mhts\roberts\Harbor.dat --> hades.buseco.monash.edu.au /home/tartarus/hyndman/WWW/TSDL/roberts Harbor.dat
102.05.06 15:25 A D:\Akram\Supervisor\New-TSDL\Tsdl\TSDL\mhts\roberts\Ibm.dat --> hades.buseco.monash.edu.au /home/tartarus/hyndman/WWW/TSDL/roberts Ibm.dat
102.05.06 15:25 A D:\Akram\Supervisor\New-TSDL\Tsdl\TSDL\mhts\roberts\Ipi.dat --> hades.buseco.monash.edu.au /home/tartarus/hyndman/WWW/TSDL/roberts Ipi.dat
102.05.06 15:25 A D:\Akram\Supervisor\New-TSDL\Tsdl\TSDL\mhts\roberts\Ironsu.dat --> hades.buseco.monash.edu.au /home/tartarus/hyndman/WWW/TSDL/roberts Ironsu.dat
102.05.06 15:25 A D:\Akram\Supervisor\New-TSDL\Tsdl\TSDL\mhts\roberts\Ish66.dat --> hades.buseco.monash.edu.au /home/tartarus/hyndman/WWW/TSDL/roberts Ish66.dat
102.05.06 15:25 A D:\Akram\Supervisor\New-TSDL\Tsdl\TSDL\mhts\roberts\Joe.dat --> hades.buseco.monash.edu.au /home/tartarus/hyndman/WWW/TSDL/roberts Joe.dat
102.05.06 15:25 A D:\Akram\Supervisor\New-TSDL\Tsdl\TSDL\mhts\roberts\Lakemich.dat --> hades.buseco.monash.edu.au /home/tartarus/hyndman/WWW/TSDL/roberts Lakemich.dat
102.05.06 15:25 A D:\Akram\Supervisor\New-TSDL\Tsdl\TSDL\mhts\roberts\Lyndpin.dat --> hades.buseco.monash.edu.au /home/tartarus/hyndman/WWW/TSDL/roberts Lyndpin.dat
102.05.06 15:25 A D:\Akram\Supervisor\New-TSDL\Tsdl\TSDL\mhts\roberts\M.dat --> hades.buseco.monash.edu.au /home/tartarus/hyndman/WWW/TSDL/roberts M.dat
102.05.06 15:25 A D:\Akram\Supervisor\New-TSDL\Tsdl\TSDL\mhts\roberts\Nyse.dat --> hades.buseco.monash.edu.au /home/tartarus/hyndman/WWW/TSDL/roberts Nyse.dat
102.05.06 15:25 A D:\Akram\Supervisor\New-TSDL\Tsdl\TSDL\mhts\roberts\Pgreatl.dat --> hades.buseco.monash.edu.au /home/tartarus/hyndman/WWW/TSDL/roberts Pgreatl.dat
102.05.06 15:25 A D:\Akram\Supervisor\New-TSDL\Tsdl\TSDL\mhts\roberts\Plhuron.dat --> hades.buseco.monash.edu.au /home/tartarus/hyndman/WWW/TSDL/roberts Plhuron.dat
102.05.06 15:25 A D:\Akram\Supervisor\New-TSDL\Tsdl\TSDL\mhts\roberts\Plmich.dat --> hades.buseco.monash.edu.au /home/tartarus/hyndman/WWW/TSDL/roberts Plmich.dat
102.05.06 15:25 A D:\Akram\Supervisor\New-TSDL\Tsdl\TSDL\mhts\roberts\Plsuper.dat --> hades.buseco.monash.edu.au /home/tartarus/hyndman/WWW/TSDL/roberts Plsuper.dat
102.05.06 15:25 A D:\Akram\Supervisor\New-TSDL\Tsdl\TSDL\mhts\roberts\README --> hades.buseco.monash.edu.au /home/tartarus/hyndman/WWW/TSDL/roberts README
102.05.06 15:25 A D:\Akram\Supervisor\New-TSDL\Tsdl\TSDL\mhts\roberts\Rgnp.dat --> hades.buseco.monash.edu.au /home/tartarus/hyndman/WWW/TSDL/roberts Rgnp.dat
102.05.06 15:25 A D:\Akram\Supervisor\New-TSDL\Tsdl\TSDL\mhts\roberts\Rocky.dat --> hades.buseco.monash.edu.au /home/tartarus/hyndman/WWW/TSDL/roberts Rocky.dat
102.05.06 15:25 A D:\Akram\Supervisor\New-TSDL\Tsdl\TSDL\mhts\roberts\Scholes.dat --> hades.buseco.monash.edu.au /home/tartarus/hyndman/WWW/TSDL/roberts Scholes.dat
102.05.06 15:25 A D:\Akram\Supervisor\New-TSDL\Tsdl\TSDL\mhts\roberts\Skirts.dat --> hades.buseco.monash.edu.au /home/tartarus/hyndman/WWW/TSDL/roberts Skirts.dat
102.05.06 15:25 A D:\Akram\Supervisor\New-TSDL\Tsdl\TSDL\mhts\roberts\Snow.dat --> hades.buseco.monash.edu.au /home/tartarus/hyndman/WWW/TSDL/roberts Snow.dat
102.05.06 15:25 A D:\Akram\Supervisor\New-TSDL\Tsdl\TSDL\mhts\roberts\Tbills.dat --> hades.buseco.monash.edu.au /home/tartarus/hyndman/WWW/TSDL/roberts Tbills.dat
102.05.06 15:25 A D:\Akram\Supervisor\New-TSDL\Tsdl\TSDL\mhts\roberts\U.dat --> hades.buseco.monash.edu.au /home/tartarus/hyndman/WWW/TSDL/roberts U.dat
102.05.06 15:25 A D:\Akram\Supervisor\New-TSDL\Tsdl\TSDL\mhts\roberts\Velmon.dat --> hades.buseco.monash.edu.au /home/tartarus/hyndman/WWW/TSDL/roberts Velmon.dat
103.02.25 13:40 A D:\Akram\Supervisor\New-TSDL\TSDL\roberts\aarivint.dat --> www-personal.buseco.monash.edu.au /home/personal/hyndman/WWW/TSDL/roberts aarivint.dat
103.02.25 13:40 A D:\Akram\Supervisor\New-TSDL\TSDL\roberts\align.dat --> www-personal.buseco.monash.edu.au /home/personal/hyndman/WWW/TSDL/roberts align.dat
103.02.25 13:40 A D:\Akram\Supervisor\New-TSDL\TSDL\roberts\att.dat --> www-personal.buseco.monash.edu.au /home/personal/hyndman/WWW/TSDL/roberts att.dat
103.02.25 13:40 A D:\Akram\Supervisor\New-TSDL\TSDL\roberts\beards.dat --> www-personal.buseco.monash.edu.au /home/personal/hyndman/WWW/TSDL/roberts beards.dat
103.02.25 13:40 A D:\Akram\Supervisor\New-TSDL\TSDL\roberts\blume.dat --> www-personal.buseco.monash.edu.au /home/personal/hyndman/WWW/TSDL/roberts blume.dat
103.02.25 13:40 A D:\Akram\Supervisor\New-TSDL\TSDL\roberts\boxhu1.dat --> www-personal.buseco.monash.edu.au /home/personal/hyndman/WWW/TSDL/roberts boxhu1.dat
103.02.25 13:40 A D:\Akram\Supervisor\New-TSDL\TSDL\roberts\boxhun.dat --> www-personal.buseco.monash.edu.au /home/personal/hyndman/WWW/TSDL/roberts boxhun.dat
103.02.25 13:40 A D:\Akram\Supervisor\New-TSDL\TSDL\roberts\ccpi.dat --> www-personal.buseco.monash.edu.au /home/personal/hyndman/WWW/TSDL/roberts ccpi.dat
103.02.25 13:40 A D:\Akram\Supervisor\New-TSDL\TSDL\roberts\cryer.dat --> www-personal.buseco.monash.edu.au /home/personal/hyndman/WWW/TSDL/roberts cryer.dat
103.02.25 13:40 A D:\Akram\Supervisor\New-TSDL\TSDL\roberts\dj.dat --> www-personal.buseco.monash.edu.au /home/personal/hyndman/WWW/TSDL/roberts dj.dat
103.02.25 13:41 A D:\Akram\Supervisor\New-TSDL\TSDL\roberts\djweek.dat --> www-personal.buseco.monash.edu.au /home/personal/hyndman/WWW/TSDL/roberts djweek.dat
103.02.25 13:41 A D:\Akram\Supervisor\New-TSDL\TSDL\roberts\edgeman.dat --> www-personal.buseco.monash.edu.au /home/personal/hyndman/WWW/TSDL/roberts edgeman.dat
103.02.25 13:41 A D:\Akram\Supervisor\New-TSDL\TSDL\roberts\g.dat --> www-personal.buseco.monash.edu.au /home/personal/hyndman/WWW/TSDL/roberts g.dat
103.02.25 13:41 A D:\Akram\Supervisor\New-TSDL\TSDL\roberts\globwarm.dat --> www-personal.buseco.monash.edu.au /home/personal/hyndman/WWW/TSDL/roberts globwarm.dat
103.02.25 13:41 A D:\Akram\Supervisor\New-TSDL\TSDL\roberts\gnpn.dat --> www-personal.buseco.monash.edu.au /home/personal/hyndman/WWW/TSDL/roberts gnpn.dat
103.02.25 13:41 A D:\Akram\Supervisor\New-TSDL\TSDL\roberts\gnpr.dat --> www-personal.buseco.monash.edu.au /home/personal/hyndman/WWW/TSDL/roberts gnpr.dat
103.02.25 13:41 A D:\Akram\Supervisor\New-TSDL\TSDL\roberts\grant.dat --> www-personal.buseco.monash.edu.au /home/personal/hyndman/WWW/TSDL/roberts grant.dat
103.02.25 13:41 A D:\Akram\Supervisor\New-TSDL\TSDL\roberts\gruen.dat --> www-personal.buseco.monash.edu.au /home/personal/hyndman/WWW/TSDL/roberts gruen.dat
103.02.25 13:41 A D:\Akram\Supervisor\New-TSDL\TSDL\roberts\halsey.dat --> www-personal.buseco.monash.edu.au /home/personal/hyndman/WWW/TSDL/roberts halsey.dat
103.02.25 13:41 A D:\Akram\Supervisor\New-TSDL\TSDL\roberts\harbor.dat --> www-personal.buseco.monash.edu.au /home/personal/hyndman/WWW/TSDL/roberts harbor.dat
103.02.25 13:41 A D:\Akram\Supervisor\New-TSDL\TSDL\roberts\ibm.dat --> www-personal.buseco.monash.edu.au /home/personal/hyndman/WWW/TSDL/roberts ibm.dat
103.02.25 13:41 A D:\Akram\Supervisor\New-TSDL\TSDL\roberts\ipi.dat --> www-personal.buseco.monash.edu.au /home/personal/hyndman/WWW/TSDL/roberts ipi.dat
103.02.25 13:41 A D:\Akram\Supervisor\New-TSDL\TSDL\roberts\ironsu.dat --> www-personal.buseco.monash.edu.au /home/personal/hyndman/WWW/TSDL/roberts ironsu.dat
103.02.25 13:41 A D:\Akram\Supervisor\New-TSDL\TSDL\roberts\ish66.dat --> www-personal.buseco.monash.edu.au /home/personal/hyndman/WWW/TSDL/roberts ish66.dat
103.02.25 13:41 A D:\Akram\Supervisor\New-TSDL\TSDL\roberts\joe.dat --> www-personal.buseco.monash.edu.au /home/personal/hyndman/WWW/TSDL/roberts joe.dat
103.02.25 13:41 A D:\Akram\Supervisor\New-TSDL\TSDL\roberts\lakemich.dat --> www-personal.buseco.monash.edu.au /home/personal/hyndman/WWW/TSDL/roberts lakemich.dat
103.02.25 13:41 A D:\Akram\Supervisor\New-TSDL\TSDL\roberts\lyndpin.dat --> www-personal.buseco.monash.edu.au /home/personal/hyndman/WWW/TSDL/roberts lyndpin.dat
103.02.25 13:41 A D:\Akram\Supervisor\New-TSDL\TSDL\roberts\m.dat --> www-personal.buseco.monash.edu.au /home/personal/hyndman/WWW/TSDL/roberts m.dat
103.02.25 13:41 A D:\Akram\Supervisor\New-TSDL\TSDL\roberts\nyse.dat --> www-personal.buseco.monash.edu.au /home/personal/hyndman/WWW/TSDL/roberts nyse.dat
103.02.25 13:41 A D:\Akram\Supervisor\New-TSDL\TSDL\roberts\pgreatl.dat --> www-personal.buseco.monash.edu.au /home/personal/hyndman/WWW/TSDL/roberts pgreatl.dat
103.02.25 13:41 A D:\Akram\Supervisor\New-TSDL\TSDL\roberts\plhuron.dat --> www-personal.buseco.monash.edu.au /home/personal/hyndman/WWW/TSDL/roberts plhuron.dat
103.02.25 13:41 A D:\Akram\Supervisor\New-TSDL\TSDL\roberts\plmich.dat --> www-personal.buseco.monash.edu.au /home/personal/hyndman/WWW/TSDL/roberts plmich.dat
103.02.25 13:41 A D:\Akram\Supervisor\New-TSDL\TSDL\roberts\plsuper.dat --> www-personal.buseco.monash.edu.au /home/personal/hyndman/WWW/TSDL/roberts plsuper.dat
103.02.25 13:41 A D:\Akram\Supervisor\New-TSDL\TSDL\roberts\README --> www-personal.buseco.monash.edu.au /home/personal/hyndman/WWW/TSDL/roberts README
103.02.25 13:41 A D:\Akram\Supervisor\New-TSDL\TSDL\roberts\rgnp.dat --> www-personal.buseco.monash.edu.au /home/personal/hyndman/WWW/TSDL/roberts rgnp.dat
103.02.25 13:41 A D:\Akram\Supervisor\New-TSDL\TSDL\roberts\rocky.dat --> www-personal.buseco.monash.edu.au /home/personal/hyndman/WWW/TSDL/roberts rocky.dat
103.02.25 13:41 A D:\Akram\Supervisor\New-TSDL\TSDL\roberts\scholes.dat --> www-personal.buseco.monash.edu.au /home/personal/hyndman/WWW/TSDL/roberts scholes.dat
103.02.25 13:41 A D:\Akram\Supervisor\New-TSDL\TSDL\roberts\skirts.dat --> www-personal.buseco.monash.edu.au /home/personal/hyndman/WWW/TSDL/roberts skirts.dat
103.02.25 13:41 A D:\Akram\Supervisor\New-TSDL\TSDL\roberts\snow.dat --> www-personal.buseco.monash.edu.au /home/personal/hyndman/WWW/TSDL/roberts snow.dat
103.02.25 13:41 A D:\Akram\Supervisor\New-TSDL\TSDL\roberts\tbills.dat --> www-personal.buseco.monash.edu.au /home/personal/hyndman/WWW/TSDL/roberts tbills.dat
103.02.25 13:41 A D:\Akram\Supervisor\New-TSDL\TSDL\roberts\u.dat --> www-personal.buseco.monash.edu.au /home/personal/hyndman/WWW/TSDL/roberts u.dat
103.02.25 13:41 A D:\Akram\Supervisor\New-TSDL\TSDL\roberts\velmon.dat --> www-personal.buseco.monash.edu.au /home/personal/hyndman/WWW/TSDL/roberts velmon.dat
103.02.25 13:41 A D:\Akram\Supervisor\New-TSDL\TSDL\roberts\WS_FTP.LOG --> www-personal.buseco.monash.edu.au /home/personal/hyndman/WWW/TSDL/roberts WS_FTP.LOG
103.02.25 13:41 A D:\Akram\Supervisor\New-TSDL\TSDL\roberts\yule1.dat --> www-personal.buseco.monash.edu.au /home/personal/hyndman/WWW/TSDL/roberts yule1.dat
103.02.25 13:41 A D:\Akram\Supervisor\New-TSDL\TSDL\roberts\yule2.dat --> www-personal.buseco.monash.edu.au /home/personal/hyndman/WWW/TSDL/roberts yule2.dat
103.02.25 13:52 A D:\Akram\Supervisor\New-TSDL\TSDL\roberts\aarivint.dat --> www-personal.buseco.monash.edu.au /home/personal/hyndman/WWW/TSDL/roberts aarivint.dat
103.02.25 13:52 A D:\Akram\Supervisor\New-TSDL\TSDL\roberts\align.dat --> www-personal.buseco.monash.edu.au /home/personal/hyndman/WWW/TSDL/roberts align.dat
103.02.25 13:52 A D:\Akram\Supervisor\New-TSDL\TSDL\roberts\att.dat --> www-personal.buseco.monash.edu.au /home/personal/hyndman/WWW/TSDL/roberts att.dat
103.02.25 13:52 A D:\Akram\Supervisor\New-TSDL\TSDL\roberts\beards.dat --> www-personal.buseco.monash.edu.au /home/personal/hyndman/WWW/TSDL/roberts beards.dat
103.02.25 13:52 A D:\Akram\Supervisor\New-TSDL\TSDL\roberts\blume.dat --> www-personal.buseco.monash.edu.au /home/personal/hyndman/WWW/TSDL/roberts blume.dat
103.02.25 13:52 A D:\Akram\Supervisor\New-TSDL\TSDL\roberts\boxhu1.dat --> www-personal.buseco.monash.edu.au /home/personal/hyndman/WWW/TSDL/roberts boxhu1.dat
103.02.25 13:52 A D:\Akram\Supervisor\New-TSDL\TSDL\roberts\boxhun.dat --> www-personal.buseco.monash.edu.au /home/personal/hyndman/WWW/TSDL/roberts boxhun.dat
103.02.25 13:52 A D:\Akram\Supervisor\New-TSDL\TSDL\roberts\ccpi.dat --> www-personal.buseco.monash.edu.au /home/personal/hyndman/WWW/TSDL/roberts ccpi.dat
103.02.25 13:52 A D:\Akram\Supervisor\New-TSDL\TSDL\roberts\cryer.dat --> www-personal.buseco.monash.edu.au /home/personal/hyndman/WWW/TSDL/roberts cryer.dat
103.02.25 13:52 A D:\Akram\Supervisor\New-TSDL\TSDL\roberts\dj.dat --> www-personal.buseco.monash.edu.au /home/personal/hyndman/WWW/TSDL/roberts dj.dat
103.02.25 13:52 A D:\Akram\Supervisor\New-TSDL\TSDL\roberts\djweek.dat --> www-personal.buseco.monash.edu.au /home/personal/hyndman/WWW/TSDL/roberts djweek.dat
103.02.25 13:52 A D:\Akram\Supervisor\New-TSDL\TSDL\roberts\edgeman.dat --> www-personal.buseco.monash.edu.au /home/personal/hyndman/WWW/TSDL/roberts edgeman.dat
103.02.25 13:52 A D:\Akram\Supervisor\New-TSDL\TSDL\roberts\g.dat --> www-personal.buseco.monash.edu.au /home/personal/hyndman/WWW/TSDL/roberts g.dat
103.02.25 13:52 A D:\Akram\Supervisor\New-TSDL\TSDL\roberts\globwarm.dat --> www-personal.buseco.monash.edu.au /home/personal/hyndman/WWW/TSDL/roberts globwarm.dat
103.02.25 13:52 A D:\Akram\Supervisor\New-TSDL\TSDL\roberts\gnpn.dat --> www-personal.buseco.monash.edu.au /home/personal/hyndman/WWW/TSDL/roberts gnpn.dat
103.02.25 13:52 A D:\Akram\Supervisor\New-TSDL\TSDL\roberts\gnpr.dat --> www-personal.buseco.monash.edu.au /home/personal/hyndman/WWW/TSDL/roberts gnpr.dat
103.02.25 13:52 A D:\Akram\Supervisor\New-TSDL\TSDL\roberts\grant.dat --> www-personal.buseco.monash.edu.au /home/personal/hyndman/WWW/TSDL/roberts grant.dat
103.02.25 13:52 A D:\Akram\Supervisor\New-TSDL\TSDL\roberts\gruen.dat --> www-personal.buseco.monash.edu.au /home/personal/hyndman/WWW/TSDL/roberts gruen.dat
103.02.25 13:52 A D:\Akram\Supervisor\New-TSDL\TSDL\roberts\halsey.dat --> www-personal.buseco.monash.edu.au /home/personal/hyndman/WWW/TSDL/roberts halsey.dat
103.02.25 13:52 A D:\Akram\Supervisor\New-TSDL\TSDL\roberts\harbor.dat --> www-personal.buseco.monash.edu.au /home/personal/hyndman/WWW/TSDL/roberts harbor.dat
103.02.25 13:52 A D:\Akram\Supervisor\New-TSDL\TSDL\roberts\ibm.dat --> www-personal.buseco.monash.edu.au /home/personal/hyndman/WWW/TSDL/roberts ibm.dat
103.02.25 13:52 A D:\Akram\Supervisor\New-TSDL\TSDL\roberts\ipi.dat --> www-personal.buseco.monash.edu.au /home/personal/hyndman/WWW/TSDL/roberts ipi.dat
103.02.25 13:52 A D:\Akram\Supervisor\New-TSDL\TSDL\roberts\ironsu.dat --> www-personal.buseco.monash.edu.au /home/personal/hyndman/WWW/TSDL/roberts ironsu.dat
103.02.25 13:52 A D:\Akram\Supervisor\New-TSDL\TSDL\roberts\ish66.dat --> www-personal.buseco.monash.edu.au /home/personal/hyndman/WWW/TSDL/roberts ish66.dat
103.02.25 13:52 A D:\Akram\Supervisor\New-TSDL\TSDL\roberts\joe.dat --> www-personal.buseco.monash.edu.au /home/personal/hyndman/WWW/TSDL/roberts joe.dat
103.02.25 13:52 A D:\Akram\Supervisor\New-TSDL\TSDL\roberts\lakemich.dat --> www-personal.buseco.monash.edu.au /home/personal/hyndman/WWW/TSDL/roberts lakemich.dat
103.02.25 13:52 A D:\Akram\Supervisor\New-TSDL\TSDL\roberts\lyndpin.dat --> www-personal.buseco.monash.edu.au /home/personal/hyndman/WWW/TSDL/roberts lyndpin.dat
103.02.25 13:52 A D:\Akram\Supervisor\New-TSDL\TSDL\roberts\m.dat --> www-personal.buseco.monash.edu.au /home/personal/hyndman/WWW/TSDL/roberts m.dat
103.02.25 13:52 A D:\Akram\Supervisor\New-TSDL\TSDL\roberts\nyse.dat --> www-personal.buseco.monash.edu.au /home/personal/hyndman/WWW/TSDL/roberts nyse.dat
103.02.25 13:52 A D:\Akram\Supervisor\New-TSDL\TSDL\roberts\pgreatl.dat --> www-personal.buseco.monash.edu.au /home/personal/hyndman/WWW/TSDL/roberts pgreatl.dat
103.02.25 13:52 A D:\Akram\Supervisor\New-TSDL\TSDL\roberts\plhuron.dat --> www-personal.buseco.monash.edu.au /home/personal/hyndman/WWW/TSDL/roberts plhuron.dat
103.02.25 13:52 A D:\Akram\Supervisor\New-TSDL\TSDL\roberts\plmich.dat --> www-personal.buseco.monash.edu.au /home/personal/hyndman/WWW/TSDL/roberts plmich.dat
103.02.25 13:52 A D:\Akram\Supervisor\New-TSDL\TSDL\roberts\plsuper.dat --> www-personal.buseco.monash.edu.au /home/personal/hyndman/WWW/TSDL/roberts plsuper.dat
103.02.25 13:52 A D:\Akram\Supervisor\New-TSDL\TSDL\roberts\README --> www-personal.buseco.monash.edu.au /home/personal/hyndman/WWW/TSDL/roberts README
103.02.25 13:52 A D:\Akram\Supervisor\New-TSDL\TSDL\roberts\rgnp.dat --> www-personal.buseco.monash.edu.au /home/personal/hyndman/WWW/TSDL/roberts rgnp.dat
103.02.25 13:52 A D:\Akram\Supervisor\New-TSDL\TSDL\roberts\rocky.dat --> www-personal.buseco.monash.edu.au /home/personal/hyndman/WWW/TSDL/roberts rocky.dat
103.02.25 13:52 A D:\Akram\Supervisor\New-TSDL\TSDL\roberts\scholes.dat --> www-personal.buseco.monash.edu.au /home/personal/hyndman/WWW/TSDL/roberts scholes.dat
103.02.25 13:52 A D:\Akram\Supervisor\New-TSDL\TSDL\roberts\skirts.dat --> www-personal.buseco.monash.edu.au /home/personal/hyndman/WWW/TSDL/roberts skirts.dat
103.02.25 13:52 A D:\Akram\Supervisor\New-TSDL\TSDL\roberts\snow.dat --> www-personal.buseco.monash.edu.au /home/personal/hyndman/WWW/TSDL/roberts snow.dat
103.02.25 13:53 A D:\Akram\Supervisor\New-TSDL\TSDL\roberts\tbills.dat --> www-personal.buseco.monash.edu.au /home/personal/hyndman/WWW/TSDL/roberts tbills.dat
103.02.25 13:53 A D:\Akram\Supervisor\New-TSDL\TSDL\roberts\u.dat --> www-personal.buseco.monash.edu.au /home/personal/hyndman/WWW/TSDL/roberts u.dat
103.02.25 13:53 A D:\Akram\Supervisor\New-TSDL\TSDL\roberts\velmon.dat --> www-personal.buseco.monash.edu.au /home/personal/hyndman/WWW/TSDL/roberts velmon.dat
