101.12.04 17:10 A D:\Akram\Supervisor\New-TSDL\TSDL\mhts\ASTATKIE\FISHER.1 --> hades.buseco.monash.edu.au /home/tartarus/hyndman/WWW/TSDL/mhts/ASTATKIE FISHER.1
101.12.04 17:10 A D:\Akram\Supervisor\New-TSDL\TSDL\mhts\ASTATKIE\FISHERP.1 --> hades.buseco.monash.edu.au /home/tartarus/hyndman/WWW/TSDL/mhts/ASTATKIE FISHERP.1
101.12.04 17:10 A D:\Akram\Supervisor\New-TSDL\TSDL\mhts\ASTATKIE\FISHERT.1 --> hades.buseco.monash.edu.au /home/tartarus/hyndman/WWW/TSDL/mhts/ASTATKIE FISHERT.1
101.12.04 17:10 A D:\Akram\Supervisor\New-TSDL\TSDL\mhts\ASTATKIE\OLDMAN.1 --> hades.buseco.monash.edu.au /home/tartarus/hyndman/WWW/TSDL/mhts/ASTATKIE OLDMAN.1
101.12.04 17:10 A D:\Akram\Supervisor\New-TSDL\TSDL\mhts\ASTATKIE\OLDMANP.1 --> hades.buseco.monash.edu.au /home/tartarus/hyndman/WWW/TSDL/mhts/ASTATKIE OLDMANP.1
101.12.04 17:10 A D:\Akram\Supervisor\New-TSDL\TSDL\mhts\ASTATKIE\OLDMANT.1 --> hades.buseco.monash.edu.au /home/tartarus/hyndman/WWW/TSDL/mhts/ASTATKIE OLDMANT.1
101.12.04 17:10 A D:\Akram\Supervisor\New-TSDL\TSDL\mhts\ASTATKIE\README --> hades.buseco.monash.edu.au /home/tartarus/hyndman/WWW/TSDL/mhts/ASTATKIE README
101.12.04 17:10 A D:\Akram\Supervisor\New-TSDL\TSDL\mhts\ASTATKIE\SAUGEEN.1 --> hades.buseco.monash.edu.au /home/tartarus/hyndman/WWW/TSDL/mhts/ASTATKIE SAUGEEN.1
101.12.04 17:10 A D:\Akram\Supervisor\New-TSDL\TSDL\mhts\ASTATKIE\SAUGEENP.1 --> hades.buseco.monash.edu.au /home/tartarus/hyndman/WWW/TSDL/mhts/ASTATKIE SAUGEENP.1
101.12.04 17:10 A D:\Akram\Supervisor\New-TSDL\TSDL\mhts\ASTATKIE\SAUGEENT.1 --> hades.buseco.monash.edu.au /home/tartarus/hyndman/WWW/TSDL/mhts/ASTATKIE SAUGEENT.1
102.04.29 11:09 A D:\Akram\Supervisor\New-TSDL\Tsdl\TSDL\mhts\ASTATKIE\FISHER.1 --> hades.buseco.monash.edu.au /home/tartarus/hyndman/WWW/TSDL/ASTATKIE FISHER.1
102.04.29 11:09 A D:\Akram\Supervisor\New-TSDL\Tsdl\TSDL\mhts\ASTATKIE\FISHERP.1 --> hades.buseco.monash.edu.au /home/tartarus/hyndman/WWW/TSDL/ASTATKIE FISHERP.1
102.04.29 11:09 A D:\Akram\Supervisor\New-TSDL\Tsdl\TSDL\mhts\ASTATKIE\FISHERT.1 --> hades.buseco.monash.edu.au /home/tartarus/hyndman/WWW/TSDL/ASTATKIE FISHERT.1
102.04.29 11:09 A D:\Akram\Supervisor\New-TSDL\Tsdl\TSDL\mhts\ASTATKIE\OLDMAN.1 --> hades.buseco.monash.edu.au /home/tartarus/hyndman/WWW/TSDL/ASTATKIE OLDMAN.1
102.04.29 11:09 A D:\Akram\Supervisor\New-TSDL\Tsdl\TSDL\mhts\ASTATKIE\OLDMANP.1 --> hades.buseco.monash.edu.au /home/tartarus/hyndman/WWW/TSDL/ASTATKIE OLDMANP.1
102.04.29 11:09 A D:\Akram\Supervisor\New-TSDL\Tsdl\TSDL\mhts\ASTATKIE\OLDMANT.1 --> hades.buseco.monash.edu.au /home/tartarus/hyndman/WWW/TSDL/ASTATKIE OLDMANT.1
102.04.29 11:09 A D:\Akram\Supervisor\New-TSDL\Tsdl\TSDL\mhts\ASTATKIE\README --> hades.buseco.monash.edu.au /home/tartarus/hyndman/WWW/TSDL/ASTATKIE README
102.04.29 11:09 A D:\Akram\Supervisor\New-TSDL\Tsdl\TSDL\mhts\ASTATKIE\SAUGEEN.1 --> hades.buseco.monash.edu.au /home/tartarus/hyndman/WWW/TSDL/ASTATKIE SAUGEEN.1
102.04.29 11:09 A D:\Akram\Supervisor\New-TSDL\Tsdl\TSDL\mhts\ASTATKIE\SAUGEENP.1 --> hades.buseco.monash.edu.au /home/tartarus/hyndman/WWW/TSDL/ASTATKIE SAUGEENP.1
102.04.29 11:09 A D:\Akram\Supervisor\New-TSDL\Tsdl\TSDL\mhts\ASTATKIE\SAUGEENT.1 --> hades.buseco.monash.edu.au /home/tartarus/hyndman/WWW/TSDL/ASTATKIE SAUGEENT.1
103.02.25 13:38 A D:\Akram\Supervisor\New-TSDL\TSDL\astatkie\fisher.dat --> www-personal.buseco.monash.edu.au /home/personal/hyndman/WWW/TSDL/astatkie fisher.dat
103.02.25 13:38 A D:\Akram\Supervisor\New-TSDL\TSDL\astatkie\fisherp.dat --> www-personal.buseco.monash.edu.au /home/personal/hyndman/WWW/TSDL/astatkie fisherp.dat
103.02.25 13:38 A D:\Akram\Supervisor\New-TSDL\TSDL\astatkie\fishert.dat --> www-personal.buseco.monash.edu.au /home/personal/hyndman/WWW/TSDL/astatkie fishert.dat
103.02.25 13:38 A D:\Akram\Supervisor\New-TSDL\TSDL\astatkie\oldman.dat --> www-personal.buseco.monash.edu.au /home/personal/hyndman/WWW/TSDL/astatkie oldman.dat
103.02.25 13:38 A D:\Akram\Supervisor\New-TSDL\TSDL\astatkie\oldmanp.dat --> www-personal.buseco.monash.edu.au /home/personal/hyndman/WWW/TSDL/astatkie oldmanp.dat
103.02.25 13:38 A D:\Akram\Supervisor\New-TSDL\TSDL\astatkie\oldmant.dat --> www-personal.buseco.monash.edu.au /home/personal/hyndman/WWW/TSDL/astatkie oldmant.dat
103.02.25 13:38 A D:\Akram\Supervisor\New-TSDL\TSDL\astatkie\README --> www-personal.buseco.monash.edu.au /home/personal/hyndman/WWW/TSDL/astatkie README
103.02.25 13:38 A D:\Akram\Supervisor\New-TSDL\TSDL\astatkie\saugeen.dat --> www-personal.buseco.monash.edu.au /home/personal/hyndman/WWW/TSDL/astatkie saugeen.dat
103.02.25 13:38 A D:\Akram\Supervisor\New-TSDL\TSDL\astatkie\saugeenp.dat --> www-personal.buseco.monash.edu.au /home/personal/hyndman/WWW/TSDL/astatkie saugeenp.dat
103.02.25 13:38 A D:\Akram\Supervisor\New-TSDL\TSDL\astatkie\saugeent.dat --> www-personal.buseco.monash.edu.au /home/personal/hyndman/WWW/TSDL/astatkie saugeent.dat
103.02.25 13:38 A D:\Akram\Supervisor\New-TSDL\TSDL\astatkie\WS_FTP.LOG --> www-personal.buseco.monash.edu.au /home/personal/hyndman/WWW/TSDL/astatkie WS_FTP.LOG
103.02.25 13:43 A D:\Akram\Supervisor\New-TSDL\TSDL\astatkie\fisher.dat --> www-personal.buseco.monash.edu.au /home/personal/hyndman/WWW/TSDL/astatkie fisher.dat
103.02.25 13:43 A D:\Akram\Supervisor\New-TSDL\TSDL\astatkie\fisherp.dat --> www-personal.buseco.monash.edu.au /home/personal/hyndman/WWW/TSDL/astatkie fisherp.dat
103.02.25 13:43 A D:\Akram\Supervisor\New-TSDL\TSDL\astatkie\fishert.dat --> www-personal.buseco.monash.edu.au /home/personal/hyndman/WWW/TSDL/astatkie fishert.dat
103.02.25 13:43 A D:\Akram\Supervisor\New-TSDL\TSDL\astatkie\oldman.dat --> www-personal.buseco.monash.edu.au /home/personal/hyndman/WWW/TSDL/astatkie oldman.dat
103.02.25 13:43 A D:\Akram\Supervisor\New-TSDL\TSDL\astatkie\oldmanp.dat --> www-personal.buseco.monash.edu.au /home/personal/hyndman/WWW/TSDL/astatkie oldmanp.dat
103.02.25 13:43 A D:\Akram\Supervisor\New-TSDL\TSDL\astatkie\oldmant.dat --> www-personal.buseco.monash.edu.au /home/personal/hyndman/WWW/TSDL/astatkie oldmant.dat
103.02.25 13:43 A D:\Akram\Supervisor\New-TSDL\TSDL\astatkie\README --> www-personal.buseco.monash.edu.au /home/personal/hyndman/WWW/TSDL/astatkie README
103.02.25 13:43 A D:\Akram\Supervisor\New-TSDL\TSDL\astatkie\saugeen.dat --> www-personal.buseco.monash.edu.au /home/personal/hyndman/WWW/TSDL/astatkie saugeen.dat
103.02.25 13:43 A D:\Akram\Supervisor\New-TSDL\TSDL\astatkie\saugeenp.dat --> www-personal.buseco.monash.edu.au /home/personal/hyndman/WWW/TSDL/astatkie saugeenp.dat
103.02.25 13:43 A D:\Akram\Supervisor\New-TSDL\TSDL\astatkie\saugeent.dat --> www-personal.buseco.monash.edu.au /home/personal/hyndman/WWW/TSDL/astatkie saugeent.dat
